         w __deregister_frame_info
         w __register_frame_info
         w userAppExit
         w userAppInit
00000000 00000401 B __ctru_dev_path_buf
00000000 a shift
00000000 a shift
00000000 b _TLS_MODULE_BASE_
00000404 00000802 B __ctru_dev_utf16_buf
00100000 T _start
00100000 A __start__
00100008 T __service_ptr
0010000c T __apt_appid
00100010 T __heap_size
00100014 T __linear_heap_size
00100018 T __system_arglist
0010001c T __system_runflags
00100020 t startup
00100058 t ClearMem
0010006c t ClrLoop
00100094 T _init
001000ac T __aeabi_uidiv
001000ac 000001ec T __udivsi3
001000ac t .udivsi3_skip_div0_test
00100298 00000020 T __aeabi_uidivmod
001002b8 T __aeabi_idiv
001002b8 00000220 T __divsi3
001002c0 t .divsi3_skip_div0_test
001004d8 00000020 T __aeabi_idivmod
001004f8 00000004 W __aeabi_idiv0
001004f8 00000004 W __aeabi_ldiv0
001004fc T __aeabi_drsub
00100504 000002b0 T __aeabi_dsub
00100504 000002b0 T __subdf3
00100508 000002ac T __adddf3
00100508 000002ac T __aeabi_dadd
001007b4 00000024 T __aeabi_ui2d
001007b4 00000024 T __floatunsidf
001007d8 00000028 T __aeabi_i2d
001007d8 00000028 T __floatsidf
00100800 00000048 T __aeabi_f2d
00100800 00000048 T __extendsfdf2
00100848 00000074 T __aeabi_ul2d
00100848 00000074 T __floatundidf
0010085c 00000060 T __aeabi_l2d
0010085c 00000060 T __floatdidf
001008bc T __aeabi_ldivmod
00100990 T __aeabi_uldivmod
001009cc 00000014 T setjmp
001009e0 00000018 T longjmp
00100a08 00000390 T strcmp
00100d90 t __do_global_dtors_aux
00100dd0 t frame_dummy
00100dfc 00000030 T Chase_Init
00100e30 00000178 T Chase_Update
00100fa8 000000d4 T CL_StopPlayback
0010107c 000000ac T CL_WriteDemoMessage
00101128 000002ac T CL_GetMessage
001013d4 0000007c T CL_Stop_f
00101450 000001cc T CL_Record_f
0010161c 0000011c T CL_PlayDemo_f
00101738 00000060 T CL_TimeDemo_f
00101798 00000020 T IN_Impulse
001017b8 00000080 T IN_AttackDown
00101838 00000080 T IN_DownDown
001018b8 00000080 T IN_LeftDown
00101938 00000080 T IN_RightDown
001019b8 00000080 T IN_ForwardDown
00101a38 00000080 T IN_LookdownDown
00101ab8 00000080 T IN_BackDown
00101b38 00000080 T IN_LookupDown
00101bb8 00000080 T IN_KLookDown
00101c38 00000080 T IN_StrafeDown
00101cb8 00000080 T IN_UpDown
00101d38 00000080 T IN_JumpDown
00101db8 00000080 T IN_MLookDown
00101e38 00000080 T IN_SpeedDown
00101eb8 00000080 T IN_MoveleftDown
00101f38 00000080 T IN_MoverightDown
00101fb8 00000080 T IN_UseDown
00102038 00000094 T IN_AttackUp
001020cc 00000094 T IN_MoveleftUp
00102160 00000094 T IN_UseUp
001021f4 00000094 T IN_JumpUp
00102288 00000094 T IN_SpeedUp
0010231c 00000094 T IN_KLookUp
001023b0 00000094 T IN_StrafeUp
00102444 00000094 T IN_UpUp
001024d8 00000094 T IN_MoverightUp
0010256c 00000094 T IN_BackUp
00102600 00000094 T IN_LookupUp
00102694 00000094 T IN_ForwardUp
00102728 00000094 T IN_LookdownUp
001027bc 00000094 T IN_LeftUp
00102850 00000094 T IN_RightUp
001028e4 00000094 T IN_DownUp
00102978 000000c8 T IN_MLookUp
00102a40 00000614 T CL_AdjustAngles
00103054 00000640 T CL_BaseMove
00103694 00000160 T CL_SendMove
001037f4 000002c4 T CL_InitInput
00103ab8 000000ec T CL_PrintEntities_f
00103ba4 00000110 T CL_Disconnect_f
00103cb4 000000f0 T CL_ClearState
00103da4 000000d8 T CL_Disconnect
00103e7c 00000084 T CL_EstablishConnection
00103f00 0000014c T CL_SignonReply
0010404c 000000c4 T CL_NextDemo
00104110 000000d0 T CL_AllocDlight
001041e0 0000007c T CL_DecayLights
00104260 00000108 T CL_LerpPoint
00104368 000006e0 T CL_RelinkEntities
00104a48 000000b0 T CL_ReadFromServer
00104af8 000000e4 T CL_SendCmd
00104bdc 00000158 T CL_Init
00104d38 00000104 T CL_ParseStartSoundPacket
00104e3c 00000148 T CL_KeepaliveMessage
00104f84 00000274 T CL_ParseServerInfo
001051f8 00000564 T CL_ParseUpdate
0010575c 000002cc T CL_ParseClientdata
00105a28 00000208 T CL_NewTranslation
00105c30 00000128 T CL_ParseStatic
00105d58 00000734 T CL_ParseServerMessage
0010648c 00000098 T CL_InitTEnts
00106528 00000134 T CL_ParseBeam
00106660 000003e0 T CL_ParseTEnt
00106a40 000002c4 T CL_UpdateTEnts
00106d04 00000014 T Cmd_Wait_f
00106d18 00000064 T Cmd_Echo_f
00106d7c 000000e0 T Cmd_ForwardToServer
00106e5c 000001d4 T Cmd_Alias_f
00107030 00000010 T Cbuf_Init
00107040 0000004c T Cbuf_AddText
0010708c 000000b8 T Cbuf_InsertText
00107144 0000020c T Cmd_StuffCmds_f
00107350 00000098 T Cmd_Exec_f
001073e8 00000010 T Cmd_Argc
001073f8 00000024 T Cmd_Argv
0010741c 00000010 T Cmd_Args
0010742c 000000e8 T Cmd_TokenizeString
00107514 000000bc T Cmd_AddCommand
001075d0 00000080 T Cmd_Init
00107650 00000050 T Cmd_Exists
001076a0 0000006c T Cmd_CompleteCommand
0010770c 000000d0 T Cmd_ExecuteString
001077dc 00000124 T Cbuf_Execute
00107900 00000008 T ShortSwap
00107908 00000004 T ShortNoSwap
0010790c 00000020 T LongSwap
0010792c 00000004 T LongNoSwap
00107930 00000034 T FloatSwap
00107964 00000004 T FloatNoSwap
00107968 00000080 T COM_Path_f
001079e8 0000000c T ClearLink
001079f4 00000014 T RemoveLink
00107a08 0000001c T InsertLinkBefore
00107a24 0000008c T MSG_WriteChar
00107ab0 0000008c T MSG_WriteByte
00107b3c 0000009c T MSG_WriteShort
00107bd8 00000090 T MSG_WriteLong
00107c68 000000a4 T MSG_WriteFloat
00107d0c 00000114 T MSG_WriteString
00107e20 000000ac T MSG_WriteCoord
00107ecc 000000b0 T MSG_WriteAngle
00107f7c 00000018 T MSG_BeginReading
00107f94 0000003c T MSG_ReadChar
00107fd0 0000003c T MSG_ReadByte
0010800c 00000058 T MSG_ReadShort
00108064 00000064 T MSG_ReadLong
001080c8 00000038 T MSG_ReadFloat
00108100 00000094 T MSG_ReadString
00108198 0000007c T MSG_ReadCoord
00108218 00000064 T MSG_ReadAngle
0010827c 00000034 T SZ_Alloc
001082b0 0000000c T SZ_Clear
001082bc 000000a0 T SZ_Write
0010835c 00000128 T SZ_Print
00108484 000000b0 T COM_FileBase
00108534 00000050 T COM_DefaultExtension
00108584 000001b4 T COM_Parse
00108738 00000058 T COM_CheckParm
00108790 00000220 T COM_InitArgv
001089b0 0000003c T va
001089ec 00000088 T COM_WriteFile
00108a74 000000ec T COM_CopyFile
00108b60 000002d8 T COM_FindFile
00108e38 0000000c T COM_FOpenFile
00108e44 00000160 T COM_LoadFile
00108fa4 00000008 T COM_LoadHunkFile
00108fac 00000018 T COM_LoadCacheFile
00108fc4 0000001c T COM_LoadStackFile
00108fe0 00000204 T COM_LoadPackFile
001091e4 0000060c T COM_InitFilesystem
001097f0 00000104 T COM_Init
001098f4 00000024 T Con_MessageMode_f
00109918 00000024 T Con_MessageMode2_f
0010993c 00000094 T Con_ToggleConsole_f
001099d0 00000020 T Con_Clear_f
001099f0 00000020 T Con_ClearNotify
00109a10 00000164 T Con_CheckResize
00109b74 000001c4 T Con_Print
00109d38 00000078 T Con_DebugLog
00109db0 000000ec T Con_Printf
00109e9c 000000e0 T Con_Init
00109f7c 0000006c T Con_DPrintf
00109fe8 00000118 T Con_DrawInput
0010a100 000001cc T Con_DrawNotify
0010a2cc 000000b4 T Con_DrawConsole
0010a380 0000000c T CRC_Init
0010a38c 00000024 T CRC_ProcessByte
0010a3b0 00000048 T Cvar_FindVar
0010a3f8 0000005c T Cvar_VariableValue
0010a454 00000058 T Cvar_VariableString
0010a4ac 0000006c T Cvar_CompleteVariable
0010a518 000000dc T Cvar_Set
0010a5f4 00000038 T Cvar_SetValue
0010a62c 000000d0 T Cvar_RegisterVariable
0010a6fc 00000098 T Cvar_Command
0010a794 00000068 T Cvar_WriteVariables
0010a7fc 00000198 T Host_FindMaxClients
0010a994 000000a8 T Host_InitLocal
0010aa3c 00000064 T SV_ClientPrintf
0010aaa0 000000c4 T SV_BroadcastPrintf
0010ab64 00000064 T Host_ClientCommands
0010abc8 00000218 T SV_DropClient
0010ade0 00000220 t Host_ShutdownServer.part.0
0010b000 000000a4 T Host_EndGame
0010b0a4 000000d0 T Host_Error
0010b174 00000018 T Host_ShutdownServer
0010b18c 00000074 T Host_ClearMemory
0010b200 000000c4 T Host_FilterTime
0010b2c8 00000298 T _Host_Frame
0010b560 00000108 T Host_Frame
0010b668 0000028c T Host_InitVCR
0010b8f8 0000021c T Host_Init
0010bb14 000000d8 T Host_Shutdown
0010bbec 00000044 T Host_Quit_f
0010bc30 00000030 T Host_Version_f
0010bc60 00000038 T Host_Begin_f
0010bc98 0000009c T Host_God_f
0010bd34 0000009c T Host_Notarget_f
0010bdd0 000000b4 T Host_Noclip_f
0010be84 00000098 T Host_Fly_f
0010bf1c 00000140 T Host_Ping_f
0010c05c 0000021c T Host_Status_f
0010c278 0000001c T Host_Reconnect_f
0010c294 00000174 T Host_Map_f
0010c408 00000060 T Host_Connect_f
0010c468 000004b8 T Host_Loadgame_f
0010c920 000001a0 T Host_Name_f
0010cac0 00000164 T Host_Color_f
0010cc24 00000074 T Host_Kill_f
0010cc98 00000094 T Host_PreSpawn_f
0010cd2c 000004cc T Host_Spawn_f
0010d1f8 00000270 T Host_Kick_f
0010d468 00000060 T Host_Restart_f
0010d4c8 00000080 T Host_Changelevel_f
0010d548 00000030 T Host_Stopdemo_f
0010d578 00000174 T Host_Tell_f
0010d6ec 000000ac T Host_Pause_f
0010d798 00000540 T Host_Give_f
0010dcd8 000000f4 T Host_Startdemos_f
0010ddcc 00000034 T Host_Demos_f
0010de00 000000bc T Host_Viewframe_f
0010debc 000000d4 T Host_Viewmodel_f
0010df90 000000e8 T Host_Viewprev_f
0010e078 0000010c T Host_Viewnext_f
0010e184 00000098 T Host_SavegameComment
0010e21c 000002f0 T Host_Savegame_f
0010e50c 00000244 T Host_Say
0010e750 00000008 T Host_Say_f
0010e758 00000008 T Host_Say_Team_f
0010e760 000002c4 T Host_InitCommands
0010ea24 00000044 T Key_Unbindall_f
0010ea68 000000dc T Key_Unbind_f
0010eb44 00000198 T Key_Bind_f
0010ecdc 00000374 T Key_Console
0010f050 000000dc T Key_Message
0010f12c 0000008c T Key_KeynumToString
0010f1b8 00000074 T Key_SetBinding
0010f22c 000000c0 T Key_WriteBindings
0010f2ec 000001c0 T Key_Init
0010f4ac 0000031c T Key_Event
0010f7c8 00000040 T anglemod
0010f808 00000178 T BoxOnPlaneSide
0010f980 00000120 T AngleVectors
0010faa0 00000034 T VectorMA
0010fad4 00000058 T CrossProduct
0010fb2c 00000028 T Length
0010fb54 00000058 T VectorNormalize
0010fbac 00000028 T VectorInverse
0010fbd4 00000028 T VectorScale
0010fbfc 0000016c T R_ConcatRotations
0010fd68 000001fc T R_ConcatTransforms
0010ff64 000000d0 T FloorDivMod
00110034 00000060 T GreatestCommonDivisor
00110094 0000004c T M_Menu_Main_f
001100e0 0000002c T M_Menu_SinglePlayer_f
0011010c 0000002c T M_Menu_MultiPlayer_f
00110138 0000002c T M_Menu_Options_f
00110164 0000002c T M_Menu_Keys_f
00110190 0000002c T M_Menu_Video_f
001101bc 00000038 T M_Menu_Help_f
001101f4 00000080 T M_Menu_Setup_f
00110274 00000060 T M_Menu_Quit_f
001102d4 00000070 T M_ToggleMenu_f
00110344 00000258 t M_DrawTextBox.constprop.0
0011059c 000001d0 t M_DrawTextBox.constprop.1
0011076c 00000018 T M_DrawPic
00110784 000001a4 T M_BuildTranslationTable
00110928 00000118 T M_Main_Draw
00110a40 000001a8 T M_Main_Key
00110be8 00000118 T M_SinglePlayer_Draw
00110d00 00000114 T M_ScanSaves
00110e14 00000028 T M_Menu_Load_f
00110e3c 00000064 T M_Menu_Save_f
00110ea0 000001c4 T M_SinglePlayer_Key
00111068 000000f4 T M_Load_Draw
00111160 000000f4 T M_Save_Draw
00111254 00000108 T M_Load_Key
0011135c 000000e4 T M_Save_Key
00111440 00000180 T M_MultiPlayer_Draw
001115c0 000003b8 T M_Setup_Draw
00111978 000003f4 T M_Setup_Key
00111d6c 000000e0 T M_Menu_Net_f
00111e4c 00000188 T M_MultiPlayer_Key
00111fd8 00000368 T M_Net_Draw
00112340 000003a4 T M_AdjustSliders
001126e4 000000dc T M_DrawSlider
001127c0 000007cc T M_Options_Draw
00112f8c 00000154 T M_Options_Key
001130e0 00000338 T M_Keys_Draw
00113418 000002d0 T M_Keys_Key
001136e8 000000c0 T M_Help_Key
001137a8 00000140 T M_Menu_SerialConfig_f
001138e8 00000214 T M_Net_Key
00113b00 00000560 T M_SerialConfig_Draw
00114060 00000534 T M_SerialConfig_Key
00114598 0000049c T M_ModemConfig_Draw
00114a34 00000298 T M_ModemConfig_Key
00114cd0 000004d4 T M_LanConfig_Draw
001151a4 00000380 T M_LanConfig_Key
00115528 00000b54 T M_GameOptions_Draw
0011607c 000003c0 T M_NetStart_Change
0011643c 00000204 T M_GameOptions_Key
00116640 00000228 T M_Search_Draw
00116868 00000264 T M_ServerList_Draw
00116acc 00000204 T M_ServerList_Key
00116cd0 000000f8 T M_Init
00116dc8 000001dc T M_Draw
00116fa4 00000184 T M_Quit_Draw
00117128 00000124 T M_Keydown
0011724c 00000198 T NET_Ban_f
001173e8 000001a4 t Test_Poll
00117590 0000023c t Test_f
001177d0 000001c4 t Test2_Poll
00117998 00000218 t Test2_f
00117bb0 00000280 T NET_Stats_f
00117e30 00000158 T Datagram_SendMessage
00117f88 000000e4 T SendMessageNext
0011806c 000000dc T ReSendMessage
00118148 00000028 T Datagram_CanSendMessage
00118170 00000008 T Datagram_CanSendUnreliableMessage
00118178 000000ec T Datagram_SendUnreliableMessage
00118268 0000040c T Datagram_GetMessage
00118674 000000f0 T Datagram_Init
00118764 00000074 T Datagram_Shutdown
001187d8 00000024 T Datagram_Close
001187fc 00000074 T Datagram_Listen
00118870 0000079c T Datagram_CheckNewConnections
0011900c 000004c8 T Datagram_SearchForHosts
001194d8 000005f0 T Datagram_Connect
00119ac8 0000001c T Loop_Init
00119ae4 00000004 T Loop_Shutdown
00119ae8 00000004 T Loop_Listen
00119aec 000000d4 T Loop_SearchForHosts
00119bc0 00000108 T Loop_Connect
00119cc8 00000050 T Loop_CheckNewConnections
00119d18 000000b0 T Loop_GetMessage
00119dc8 000000b8 T Loop_SendMessage
00119e80 00000098 T Loop_SendUnreliableMessage
00119f18 00000014 T Loop_CanSendMessage
00119f2c 00000008 T Loop_CanSendUnreliableMessage
00119f34 00000048 T Loop_Close
00119f7c 000000c4 t NET_Listen_f
0011a040 00000098 t NET_Port_f
0011a0d8 00000118 t MaxPlayers_f
0011a1f0 0000016c T NET_Slist_f
0011a360 00000134 t Slist_Send
0011a498 00000210 t Slist_Poll
0011a6a8 00000018 T SetNetTime
0011a6c0 000000c8 T NET_NewQSocket
0011a788 00000074 T NET_FreeQSocket
0011a7fc 00000140 T NET_CheckNewConnections
0011a93c 000000ac T NET_Close
0011a9e8 0000021c T NET_GetMessage
0011ac04 000000e4 T NET_SendMessage
0011ace8 000000e4 T NET_SendUnreliableMessage
0011adcc 000000a4 T NET_CanSendMessage
0011ae70 00000304 T NET_SendToAll
0011b174 00000368 T NET_Init
0011b4dc 00000178 T NET_Shutdown
0011b654 00000100 T NET_Poll
0011b758 000003f4 T NET_Connect
0011bb4c 00000090 T SchedulePollProcedure
0011bbdc 00000004 T VCR_Shutdown
0011bbe0 00000004 T VCR_Close
0011bbe4 00000008 T VCR_Connect
0011bbec 0000009c T VCR_Init
0011bc88 00000004 T VCR_SearchForHosts
0011bc8c 000000d4 T VCR_SendMessage
0011bd60 000000d4 T VCR_CanSendMessage
0011be34 00000174 T VCR_GetMessage
0011bfa8 00000134 T VCR_CheckNewConnections
0011c0dc 0000001c T PF_fabs
0011c0f8 00000018 T PF_precache_file
0011c110 00000014 T PF_traceon
0011c124 00000014 T PF_traceoff
0011c138 00000044 T PF_rint
0011c17c 00000020 T PF_break
0011c19c 00000024 T PF_Remove
0011c1c0 0000002c T PF_makevectors
0011c1ec 00000040 T PF_setorigin
0011c22c 0000000c T PF_Fixme
0011c238 000000bc T PF_precache_sound
0011c2f4 00000108 T PF_setspawnparms
0011c3fc 000000c8 T PF_lightstyle
0011c4c4 00000068 T PF_normalize
0011c52c 00000038 T PF_vlen
0011c568 00000078 T PF_vectoyaw
0011c5e0 000000f0 T PF_vectoangles
0011c6d0 00000038 T PF_random
0011c708 00000030 T PF_particle
0011c738 0000010c T PF_ambientsound
0011c844 00000100 T PF_sound
0011c944 00000100 T PF_traceline
0011ca44 00000120 T PF_droptofloor
0011cb64 000000e0 T PF_Find
0011cc44 00000078 T PF_nextent
0011ccbc 000000a8 T PF_stuffcmd
0011cd64 00000024 T PF_localcmd
0011cd88 00000030 T PF_cvar
0011cdb8 0000002c T PF_cvar_set
0011cde8 0000016c T PF_findradius
0011cf54 0000007c T PF_ftos
0011cfd0 00000070 T PF_vtos
0011d040 0000002c T PF_Spawn
0011d06c 000000d0 T PF_precache_model
0011d13c 00000004 T PF_coredump
0011d140 00000030 T PF_eprint
0011d170 00000104 T PF_walkmove
0011d274 00000028 T PF_floor
0011d29c 00000028 T PF_ceil
0011d2c4 0000003c T PF_checkbottom
0011d300 0000002c T PF_pointcontents
0011d330 000003e8 T PF_aim
0011d718 000000d4 T PF_changeyaw
0011d7ec 000000d0 T PF_makestatic
0011d8bc 00000054 T PF_changelevel
0011d910 00000084 T PF_bprint
0011d994 00000084 T PF_dprint
0011da18 000000f8 T PF_setsize
0011db10 000000c8 T PF_error
0011dbd8 000000dc T PF_objerror
0011dcb4 000000fc T PF_sprint
0011ddb0 000000fc T PF_centerprint
0011deac 000000fc T PF_WriteAngle
0011dfa8 000000fc T PF_WriteCoord
0011e0a4 000000ec T PF_WriteByte
0011e190 000000ec T PF_WriteChar
0011e27c 000000ec T PF_WriteShort
0011e368 000000ec T PF_WriteLong
0011e454 000000f4 T PF_WriteString
0011e548 00000114 T PF_WriteEntity
0011e65c 00000200 T PF_setmodel
0011e85c 00000100 T PF_newcheckclient
0011e960 00000178 T PF_checkclient
0011ead8 00000120 T ED_Count
0011ebf8 00000180 T ED_Alloc
0011ed78 00000088 T ED_Free
0011ee00 00000110 T GetEdictFieldValue
0011ef10 00000224 T PR_ValueString
0011f134 00000178 t ED_Print.part.0
0011f2ac 000000ac T ED_PrintEdicts
0011f358 00000098 T ED_PrintEdict_f
0011f3f0 000001f0 T PR_UglyValueString
0011f5e0 00000100 T PR_GlobalString
0011f6e0 000000d8 T PR_GlobalStringNoContents
0011f7b8 0000001c T ED_Print
0011f7d4 00000144 T ED_Write
0011f918 00000070 T ED_PrintNum
0011f988 000000e4 T ED_WriteGlobals
0011fa6c 000002b8 T ED_ParseEpair
0011fd24 0000012c T ED_ParseGlobals
0011fe50 00000270 T ED_ParseEdict
001200c0 000002e0 T ED_LoadFromFile
001203a0 00000434 T PR_LoadProgs
001207d4 000000b8 T PR_Init
0012088c 00000048 T EDICT_NUM
001208d4 0000004c T NUM_FOR_EDICT
00120920 00000190 T PR_PrintStatement
00120ab0 00000118 t PR_RunError.constprop.0
00120bc8 000000ac T PR_Profile_f
00120c74 00000114 T PR_RunError
00120d88 000001d0 T PR_EnterFunction
00120f58 000000bc T PR_LeaveFunction
00121018 00000a34 T PR_ExecuteProgram
00121a4c 00000084 T R_InitParticles
00121ad0 00000220 T R_EntityParticles
00121cf0 00000064 T R_ClearParticles
00121d54 00000150 T R_ReadPointFile_f
00121ea8 000001b0 T R_ParticleExplosion
00122058 00000114 T R_ParticleExplosion2
00122170 000001e0 T R_BlobExplosion
00122350 00000280 T R_RunParticleEffect
001225d0 00000090 T R_ParseParticleEffect
00122660 00000174 T R_LavaSplash
001227d8 000001c4 T R_TeleportSplash
001229a0 000004b0 T R_RocketTrail
00122e50 00000374 T R_DrawParticles
001231c4 00000020 T Sbar_ShowScores
001231e4 00000018 T Sbar_DontShowScores
001231fc 00000100 t Sbar_IntermissionNumber.constprop.0
001232fc 00000014 T Sbar_Changed
00123310 000007ec T Sbar_Init
00123afc 00000038 T Sbar_DrawPic
00123b34 0000014c T Sbar_DrawNum
00123c80 00000794 T Sbar_SortFrags
00124418 00000194 T Sbar_SoloScoreboard
001245b0 00000ab0 T Sbar_DrawInventory
00125060 00000244 T Sbar_DrawFrags
001252a4 00000390 T Sbar_DrawFace
00125634 000001a0 T Sbar_DeathmatchOverlay
001257d4 000003ec T Sbar_MiniDeathmatchOverlay
00125bc0 0000055c T Sbar_Draw
0012611c 00000178 T Sbar_IntermissionOverlay
00126294 00000048 T Sbar_FinaleOverlay
001262dc 000000b8 T SV_Init
00126394 000000e0 T SV_StartParticle
00126478 0000023c T SV_StartSound
001266b8 00000208 T SV_SendServerinfo
001268c0 000001fc T SV_ConnectClient
00126abc 000000b8 T SV_CheckForNewClients
00126b74 0000000c T SV_ClearDatagram
00126b80 000001a8 T SV_AddToFatPVS
00126d28 00000728 T SV_WriteEntitiesToClient
00127450 00000548 T SV_WriteClientdataToMessage
00127998 000000b8 T SV_SendClientDatagram
00127a50 00000170 T SV_UpdateToReliableMessages
00127bc0 00000234 T SV_SendClientMessages
00127df4 0000006c T SV_ModelIndex
00127e60 00000214 T SV_CreateBaseline
00128074 00000074 T SV_SendReconnect
001280e8 0000014c T SV_SaveSpawnparms
00128238 0000044c T SV_SpawnServer
00128684 00000224 T SV_CheckBottom
001288a8 00000400 T SV_movestep
00128ca8 00000120 T SV_StepDirection
00128dc8 00000598 T SV_NewChaseDir
00129360 0000014c T SV_MoveToGoal
001294ac 00000210 T SV_CheckVelocity
001296bc 000000b8 T SV_Impact
00129778 00000540 T SV_FlyMove
00129cb8 0000011c T SV_PushEntity
00129dd4 000003fc T SV_PushMove
0012a1d0 0000011c T SV_CheckStuck
0012a2f0 0000010c T SV_CheckWater
0012a3fc 000000c4 T SV_WallFriction
0012a4c0 00000254 T SV_TryUnstick
0012a718 00000284 T SV_WalkMove
0012a9a0 0000042c T SV_Physics_Toss
0012adcc 00000380 t SV_Physics_Client.part.0
0012b150 00000238 T SV_Physics_Step
0012b388 000003dc T SV_Physics
0012b768 000002c8 T SV_SetIdealPitch
0012ba30 00000184 T SV_UserFriction
0012bbb4 000000a0 T SV_Accelerate
0012bc54 000000bc T SV_AirAccelerate
0012bd10 00000210 T SV_WaterMove
0012bf20 00000170 T SV_AirMove
0012c090 000001f4 T SV_ClientThink
0012c284 00000120 T SV_ReadClientMove
0012c3a4 00000350 T SV_ReadClientMessage
0012c6f4 00000100 T SV_RunClients
0012c7f4 0000002c T V_BonusFlash_f
0012c820 0000005c T V_cshift_f
0012c87c 00000060 T V_StartPitchDrift
0012c8dc 0000008c T V_CalcRoll
0012c968 00000130 T V_CalcBob
0012ca98 0000002c T V_StopPitchDrift
0012cac4 0000017c T V_DriftPitch
0012cc40 000001d8 T V_ParseDamage
0012ce18 00000084 T V_SetContentsColor
0012cea0 00000538 T V_UpdatePalette
0012d3d8 00000248 T CalcGunAngle
0012d620 000000ec T V_BoundOffsets
0012d70c 000000cc T V_AddIdle
0012d7d8 00000118 T V_CalcViewRoll
0012d8f0 000003cc T V_CalcRefdef
0012dcbc 000002c0 T V_RenderView
0012df7c 000001a4 T V_Init
0012e120 000003c8 T W_LoadWadFile
0012e4e8 00000314 T W_GetLumpName
0012e7fc 00000038 T SwapPic
0012e834 0000016c T SV_CreateAreaNode
0012e9a0 00000100 T SV_ClearWorld
0012eaa0 0000002c T SV_UnlinkEdict
0012eacc 00000190 T SV_TouchLinks
0012ec5c 00000100 T SV_FindTouchedLeafs
0012ed5c 000001ec T SV_LinkEdict
0012ef48 000000c4 T SV_HullPointContents
0012f00c 00000030 T SV_PointContents
0012f040 000003fc T SV_RecursiveHullCheck
0012f43c 000002c0 T SV_ClipMoveToEntity
0012f6fc 000002b4 T SV_ClipToLinks
0012f9b0 00000138 T SV_TestEntityPosition
0012fae8 000001e8 T SV_Move
0012fcd0 000000b0 T Cache_Flush
0012fd80 000000f4 T Z_Free
0012fe74 000000e4 T Z_TagMalloc
0012ff58 000000f8 T Z_Malloc
00130050 00000098 T Hunk_Check
001300e8 00000318 T Hunk_AllocName
00130400 0000000c T Hunk_Alloc
0013040c 00000010 T Hunk_LowMark
0013041c 00000050 T Hunk_FreeToLowMark
0013046c 0000048c T Hunk_HighAllocName
001308f8 0000010c T Hunk_TempAlloc
00130a04 00000044 T Cache_Report
00130a48 0000008c T Cache_Free
00130ad4 00000084 T Cache_Check
00130b58 000002dc T Cache_Alloc
00130e34 00000114 T Memory_Init
00130f48 00000024 T Sys_FileClose
00130f6c 00000014 T Sys_FileSeek
00130f80 0000001c T Sys_FileRead
00130f9c 0000001c T Sys_FileWrite
00130fb8 0000002c T Sys_FileTime
00130fe4 00000004 T Sys_mkdir
00130fe8 00000040 T Sys_Printf
00131028 00000020 T Sys_Quit
00131048 00000070 T Sys_Error
001310b8 00000130 T Sys_FileOpenRead
001311e8 0000010c T Sys_FileOpenWrite
001312f4 00000010 t sysAptHook
00131308 0000005c T Sys_FloatTime
00131364 00000008 T Sys_ConsoleInput
0013136c 00000164 T CTR_SetKeys
001314d0 00000058 T Sys_SendKeyEvents
00131528 00000004 T Sys_HighFPPrecision
0013152c 00000004 T Sys_LowFPPrecision
00131530 0000008c T Sys_DefaultConfig
001315bc 00000034 T Sys_Init
001315f0 00000194 T main
00131784 00000004 T D_DrawPoly
00131788 000001d4 T D_DrawSolidSurface
00131960 0000024c T D_CalcGradients
00131bac 000004b0 T D_DrawSurfaces
0013205c 00000084 T D_Init
001320e0 00000004 T D_EnableBackBufferAccess
001320e4 00000004 T D_TurnZOn
001320e8 00000004 T D_DisableBackBufferAccess
001320ec 00000120 T D_SetupFrame
00132210 000001b8 T D_ViewChanged
001323c8 00000004 T D_EndParticles
001323cc 00000004 T D_StartParticles
001323d0 000004bc T D_DrawParticle
0013288c 000000c8 T D_PolysetDrawFinalVerts
00132954 000001d0 T D_PolysetRecursiveTriangle
00132b24 00000168 T D_DrawSubdiv
00132c8c 0000005c T D_PolysetUpdateTables
00132ce8 00000278 T D_PolysetScanLeftEdge
00132f60 00000200 T D_PolysetCalcGradients
00133160 00000154 T D_PolysetDrawSpans8
001332b4 00000764 T D_RasterizeAliasPolySmooth
00133a18 000000d0 T D_PolysetSetEdgeTable
00133ae8 0000018c T D_DrawNonSubdiv
00133c74 00000054 T D_PolysetDraw
00133cc8 0000023c T D_WarpScreen
00133f04 00000098 T D_DrawTurbulent8Span
00133fa0 000003d8 T Turbulent8
00134378 00000798 T D_DrawSpans16Qb
00134b10 000007dc T D_DrawSpans16QbDither
001352f0 00000144 T D_DrawZSpans
00135438 0000017c T D_Sky_uv_To_st
001355b4 000001cc T D_DrawSkyScans8
00135780 0000060c T D_SpriteDrawSpans
00135d8c 00000144 T D_SpriteScanLeftEdge
00135ed0 000001c0 T D_SpriteScanRightEdge
00136090 0000026c T D_SpriteCalculateGradients
001362fc 0000013c T D_DrawSprite
00136438 0000007c T D_InitCaches
001364b4 00000064 T D_FlushCaches
00136518 0000028c T D_SCAlloc
001367a8 000001fc T D_CacheSurface
001369a4 00000004 T Draw_PicFromWad
001369a8 000000e8 T Draw_CachePic
00136a90 00000060 T Draw_Init
00136af0 000001e8 T Draw_Character
00136cd8 0000003c T Draw_String
00136d14 00000144 T Draw_Pic
00136e58 00000248 T Draw_TransPic
001370a0 00000294 T Draw_TransPicTranslate
00137334 00000368 T Draw_ConsoleBackground
0013769c 00000304 T Draw_TileClear
001379a0 00000118 T Draw_Fill
00137ab8 000000a4 T Draw_FadeScreen
00137b5c 00000040 T Draw_BeginDisc
00137b9c 00000020 T Draw_EndDisc
00137bbc 00000c3c t Mod_LoadTextures.part.0.isra.0
001387f8 00000014 T Mod_Init
0013880c 0000008c T Mod_PointInLeaf
00138898 000000bc T Mod_LeafPVS
00138954 00000050 T Mod_ClearAll
001389a4 0000012c T Mod_FindName
00138ad0 0000002c T Mod_TouchModel
00138afc 000000ec T Mod_LoadVertexes
00138be8 00000158 T Mod_LoadSubmodels
00138d40 000000b4 T Mod_LoadEdges
00138df8 00000278 T Mod_LoadTexinfo
00139070 00000234 T CalcSurfaceExtents
001392a4 00000204 T Mod_LoadFaces
001394a8 000001c0 T Mod_SetParent
00139668 00000218 T Mod_LoadNodes
00139880 00000180 T Mod_LoadLeafs
00139a00 00000150 T Mod_LoadClipnodes
00139b50 0000010c T Mod_MakeHull0
00139c5c 000000d8 T Mod_LoadMarksurfaces
00139d34 0000009c T Mod_LoadSurfedges
00139dd0 00000130 T Mod_LoadPlanes
00139f00 00000318 T Mod_LoadBrushModel
0013a218 000001fc T Mod_LoadAliasGroup
0013a414 000001d0 T Mod_LoadAliasSkinGroup
0013a5e8 0000067c T Mod_LoadAliasModel
0013ac64 00000140 T Mod_LoadSpriteFrame
0013ada4 00000108 T Mod_LoadSpriteGroup
0013aeac 000001c4 T Mod_LoadSpriteModel
0013b070 000000e8 t Mod_LoadModel.part.0
0013b158 00000058 T Mod_ForName
0013b1b0 00000080 T Mod_Extradata
0013b230 000000d0 T Mod_Print
0013b300 00000004 T R_SurfacePatch
0013b304 00000214 T R_Alias_clip_z
0013b518 000001fc T R_Alias_clip_left
0013b718 000001fc T R_Alias_clip_right
0013b918 00000204 T R_Alias_clip_top
0013bb20 00000204 T R_Alias_clip_bottom
0013bd24 00000ae0 T R_AliasClipTriangle
0013c804 00000368 T R_AliasPreparePoints
0013cb70 000002b4 T R_AliasSetUpTransform
0013ce24 00000a1c T R_AliasCheckBBox
0013d840 000001bc T R_AliasTransformAndProjectFinalVerts
0013d9fc 00000084 T R_AliasProjectFinalVert
0013da80 00000144 T R_AliasSetupSkin
0013dbc4 000000d4 T R_AliasSetupLighting
0013dc98 000000f0 T R_AliasSetupFrame
0013dd88 00000194 T R_AliasDrawModel
0013df20 0000029c T R_RotateBmodel
0013e1bc 00000460 T R_RecursiveClipBPoly
0013e620 000001cc T R_DrawSolidClippedSubmodelPolygons
0013e7f0 000000f0 T R_DrawSubmodelPolygons
0013e8e0 00000720 T R_RecursiveWorldNode
0013f000 000000c0 T R_RenderWorld
0013f0c0 00000478 T R_EmitEdge
0013f538 0000021c T R_ClipEdge
0013f754 000004e0 T R_RenderFace
0013fc34 000004f4 T R_RenderBmodelFace
00140128 00000584 T R_RenderPoly
001406b0 000000d4 T R_ZDrawSubmodelPolys
00140784 000000cc T R_DrawCulledPolys
00140850 000000f0 T R_BeginEdgeFrame
00140940 000000ec T R_StepActiveU
00140a2c 000000ec T R_LeadingEdgeBackwards
00140b18 00000194 T R_GenerateSpansBackward
00140cb0 00000270 T R_LeadingEdge
00140f20 00000184 T R_GenerateSpans
001410a4 0000035c T R_ScanEdges
00141400 0000008c T R_RemoveEfrags
0014148c 0000013c T R_SplitEntityOnNode
001415c8 000000e0 T R_SplitEntityOnNode2
001416a8 000000b4 T R_AddEfrags
0014175c 00000090 T R_StoreEfrags
001417f0 000000b4 T R_AnimateLight
001418a4 00000120 T R_MarkLights
001419c4 0000008c T R_PushDlights
00141a50 000002b0 T RecursiveLightPoint
00141d00 00000080 T R_LightPoint
00141d80 00000278 T R_InitTextures
00141ff8 0000024c T R_Init
00142244 00000130 T R_NewMap
00142378 00000120 T R_SetVrect
00142498 00000390 T R_ViewChanged
00142828 000000ac T R_MarkLeaves
001428d4 00000280 T R_DrawEntitiesOnList
00142b54 000001fc T R_DrawViewModel
00142d50 00000410 T R_BmodelCheckBBox
00143160 00000330 t R_DrawBEntitiesOnList.part.0
00143490 0000017c T R_EdgeDrawing
0014360c 00000288 T R_RenderView_
00143894 0000007c T R_RenderView
00143910 000000c4 T R_TimeRefresh_f
001439d4 000000c8 T R_LineGraph
00143aa0 000000f0 T R_TimeGraph
00143b90 00000090 T R_PrintTimes
00143c20 00000138 T R_PrintDSpeeds
00143d58 00000018 T R_PrintAliasStats
00143d70 000001a8 T R_TransformFrustum
00143f18 00000094 T TransformVector
00143fac 00000720 T R_SetupFrame
001446cc 000000f4 T R_InitSky
001447c0 000000dc T R_MakeSky
0014489c 000000a8 T R_SetSkyFrame
00144944 000001f0 T R_ClipSpriteFace
00144b38 00000368 T R_SetupAndDrawSprite
00144ea0 000000d0 T R_GetSpriteframe
00144f70 00000374 T R_DrawSprite
001452e4 0000025c T R_DrawSurfaceBlock8_mip0
00145540 000001ac T R_DrawSurfaceBlock8_mip1
001456ec 0000030c T R_DrawSurfaceBlock8_mip2
001459f8 00000160 T R_DrawSurfaceBlock8_mip3
00145b58 00000210 T R_DrawSurfaceBlock16
00145d68 00000224 T R_AddDynamicLights
00145f8c 0000022c T R_BuildLightMap
001461b8 000000d0 T R_TextureAnimation
00146288 00000168 T R_DrawSurface
001463f0 0000003c T SCR_SizeUp_f
0014642c 0000003c T SCR_SizeDown_f
00146468 000001bc t SCR_SetUpToDrawConsole.part.0
00146624 00000098 T SCR_CenterPrint
001466c0 0000016c T SCR_DrawCenterString
0014682c 000000d4 T SCR_Init
00146900 000001e0 T WritePCXfile
00146ae0 000000f4 T SCR_ScreenShot_f
00146bd4 00000018 T SCR_EndLoadingPlaque
00146bf0 000000e8 T SCR_DrawNotifyString
00146cd8 00000398 T SCR_DrawScreen
00147070 0000054c T SCR_UpdateScreen
001475bc 00000088 T SCR_BeginLoadingPlaque
00147644 000000a8 T SCR_ModalMessage
001476ec 000000d4 T S_SoundInfo_f
001477c0 000000b8 T S_SoundList
00147878 00000100 t SND_Spatialize.part.0
00147978 00000330 t S_UpdateAmbientSounds.part.0
00147ca8 000000b8 t S_StopAllSounds.part.0
00147d60 000000f4 t S_Update_.part.0
00147e54 000000ac T S_StopAllSoundsC
00147f00 00000040 T S_Shutdown
00147f40 000000e4 T S_FindName
00148024 00000328 T S_Init
0014834c 00000028 T S_TouchSound
00148374 00000068 T S_PrecacheSound
001483dc 00000558 T SND_PickChannel
00148938 000002b0 t S_StartSound.part.0
00148be8 00000174 T S_PlayVol
00148d5c 00000150 T S_Play
00148eac 00000034 T S_StartSound
00148ee0 00000124 T S_StopSound
00149004 000000b8 T S_StopAllSounds
001490bc 00000064 T S_ClearBuffer
00149120 0000011c T S_StaticSound
0014923c 00000270 T S_Update
001494ac 0000003c T S_ExtraUpdate
001494e8 000000bc T S_LocalSound
001495a4 00000004 T S_BeginPrecaching
001495a8 00000004 T S_EndPrecaching
001495ac 000000b0 T Snd_WriteLinearBlastStereo16
0014965c 000000d8 T S_TransferStereo16
00149734 00000160 T S_TransferPaintBuffer
00149894 000002b0 T S_PaintChannels
00149b44 00000044 T SND_InitScaletable
00149b88 000002c4 T ResampleSfx
00149e4c 00000088 T FindNextChunk
00149ed4 000002c4 T GetWavinfo
0014a198 00000158 T S_LoadSound
0014a2f0 00000084 t csndAptHook
0014a374 000001c8 T SNDDMA_Init
0014a53c 0000006c T SNDDMA_GetDMAPos
0014a5a8 00000088 T SNDDMA_Shutdown
0014a630 00000044 T SNDDMA_Submit
0014a674 00000048 T VID_ShiftPalette
0014a6c0 0000015c T VID_Init
0014a81c 00000020 T VID_SetBuffer
0014a83c 00000028 T VID_Shutdown
0014a864 00000118 T VID_Update
0014a97c 00000004 T D_BeginDirectRect
0014a980 00000004 T D_EndDirectRect
0014a984 0000005c T UDP_Shutdown
0014a9e0 0000009c T UDP_OpenSocket
0014aa7c 0000007c T UDP_Listen
0014aaf8 000001fc T UDP_Init
0014acf4 0000001c T UDP_CloseSocket
0014ad10 00000008 T UDP_Connect
0014ad18 0000005c T UDP_CheckNewConnections
0014ad74 00000038 T UDP_Read
0014adac 00000070 T UDP_Broadcast
0014ae1c 00000030 T UDP_Write
0014ae4c 00000068 T UDP_AddrToString
0014aeb4 00000080 T UDP_StringToAddr
0014af34 00000078 T UDP_GetSocketAddr
0014afac 000000a8 T UDP_GetNameFromAddr
0014b054 000001e0 T UDP_GetAddrFromName
0014b234 0000003c T UDP_AddrCompare
0014b270 00000010 T UDP_GetSocketPort
0014b280 00000014 T UDP_SetSocketPort
0014b294 00000020 T IN_Init
0014b2b4 00000004 T IN_Shutdown
0014b2b8 00000004 T IN_Commands
0014b2c0 0000037c T IN_Move
0014b63c 00000004 T CDAudio_Play
0014b640 00000004 T CDAudio_Pause
0014b644 00000004 T CDAudio_Resume
0014b648 00000004 T CDAudio_Update
0014b64c 00000008 T CDAudio_Init
0014b654 00000004 T CDAudio_Shutdown
0014b658 00000124 T Touch_Init
0014b77c 00000094 T Touch_DrawKeyboard
0014b810 0000005c T Touch_DrawOverlay
0014b86c 000000dc T Touch_KeyboardTap
0014b948 00000144 T Touch_ProcessTap
0014ba8c 0000006c T Touch_Update
0014baf8 00000024 t addrMapNodeComparator(rbtree_node const*, rbtree_node const*)
0014bb1c 00000004 t addrMapNodeDestructor(rbtree_node*)
0014bb20 00000120 T linearMemAlign
0014bc40 00000008 T linearAlloc
0014bc48 0000005c T linearFree
0014bca4 00000084 T MemPool::CoalesceRight(MemBlock*)
0014bd28 00000170 T MemPool::Allocate(MemChunk&, unsigned long, int)
0014be98 000000fc T MemPool::Deallocate(MemChunk const&)
0014bf94 00000074 T osConvertVirtToPhys
0014c008 00000054 T osGetTimeRef
0014c05c 000000e4 T osGetTime
0014c140 00000074 T __libctru_gtod
0014c1b4 00000034 T __ctru_speedup_config
0014c1e8 00000038 T osSetSpeedupEnable
0014c220 00000178 T consoleDrawChar
0014c398 00000124 T consolePrintChar
0014c4bc 00000a00 T con_write
0014cebc 00000168 T consoleInit
0014d024 000000f4 t newRow
0014d118 000000d0 t gfxPresentFramebuffer
0014d1e8 00000010 T gfxSet3D
0014d1f8 0000001c T gfxIsWide
0014d214 000000ec T gfxSetScreenFormat
0014d300 00000010 T gfxSetDoubleBuffering
0014d310 00000108 T gfxInit
0014d418 000000b4 T gfxExit
0014d4cc 000000a0 T gfxGetFramebuffer
0014d56c 0000010c T gfxFlushBuffers
0014d678 00000050 T gfxSwapBuffersGpu
0014d6c8 00000158 t ndspUpdateMaster
0014d820 00000110 t ndspFinalize
0014d930 00000318 t ndspThreadMain
0014dc48 0000024c t ndspInitialize.part.0
0014de94 000000fc t ndspHookCallback
0014df90 000003dc T ndspInit
0014e36c 000000cc T ndspExit
0014e438 00000034 T ndspSetOutputMode
0014e46c 000000c8 T ndspChnReset
0014e534 00000018 T ndspChnSetFormat
0014e54c 00000050 T ndspChnSetInterp
0014e59c 00000064 T ndspChnSetRate
0014e600 000000a8 T ndspChnWaveBufClear
0014e6a8 000000b8 T ndspChnWaveBufAdd
0014e760 00000040 T ndspiInitChn
0014e7a0 0000002c T ndspiDirtyChn
0014e7cc 00000480 T ndspiUpdateChn
0014ec4c 00000180 T ndspiReadChnState
0014edcc 00000160 T irrstInit
0014ef2c 000000cc T irrstExit
0014eff8 000000b0 T irrstScanInput
0014f0a8 00000024 T irrstKeysHeld
0014f0cc 00000018 T irrstCstickRead
0014f0e4 000000a4 T cfguInit
0014f188 0000003c T cfguExit
0014f1c4 0000004c T CFGU_GetConfigInfoBlk2
0014f210 000000a4 t DSP_LoadComponent.part.0
0014f2b4 000000dc T dspInit
0014f390 00000078 T dspExit
0014f408 00000024 T dspHook
0014f42c 00000030 T dspUnhook
0014f45c 000000ac T aptDspSleep
0014f508 000000b4 T aptDspWakeup
0014f5bc 00000044 T aptDspCancel
0014f600 00000050 T DSP_FlushDataCache
0014f650 00000034 T DSP_SetSemaphore
0014f684 00000034 T DSP_SetSemaphoreMask
0014f6b8 00000038 T DSP_GetSemaphoreHandle
0014f6f0 0000003c T DSP_LoadComponent
0014f72c 00000044 T DSP_RegisterInterruptEvents
0014f770 00000074 T DSP_ReadPipeIfPossible
0014f7e4 0000004c T DSP_WriteProcessPipe
0014f830 00000040 T DSP_ConvertProcessAddressFromDspDram
0014f870 00000040 T DSP_RecvData
0014f8b0 0000004c T DSP_RecvDataIsReady
0014f8fc 00000c58 t gspHardwareInit
00150554 00000254 T gspInit
001507a8 000000f0 T gspExit
00150898 00000010 T gspHasGpuRight
001508a8 00000098 T gspPresentBuffer
00150940 00000050 T gspWaitForEvent
00150990 00000004 W gxCmdQueueInterrupt
00150994 00000160 t gspEventThreadMain
00150af4 00000050 T GSPGPU_FlushDataCache
00150b44 00000034 T GSPGPU_SetLcdForceBlack
00150b78 00000068 T GSPGPU_AcquireRight
00150be0 00000048 T GSPGPU_ReleaseRight
00150c28 0000007c T GSPGPU_ImportDisplayCaptureInfo
00150ca4 0000002c T GSPGPU_SaveVramSysArea
00150cd0 0000002c T GSPGPU_RestoreVramSysArea
00150cfc 00000050 T CSND_FlushDataCache
00150d4c 000001d0 T csndInit
00150f1c 000000a0 T csndExit
00150fc0 000000dc T csndAddCmd
0015109c 000000b4 T csndExecCmds
00151150 00000020 T CSND_SetPlayState
00151170 0000001c T CSND_UpdateInfo
0015118c 0000025c T csndPlaySound
001513e8 000001b0 t aptConvertScreenForCapture
00151598 0000015c T aptSendCommand
001516f4 00000038 t aptExitProcess
0015172c 000002f0 T aptExit
00151a1c 000000d8 T aptHandleSleep
00151af4 00000030 T aptHook
00151b24 00000030 T aptUnhook
00151b54 00000084 T APT_SleepIfShellClosed
00151bd8 00000084 T aptSetSleepAllowed
00151c5c 00000084 T APT_UnlockTransition
00151ce0 00000484 t aptEventHandler
00152164 000000b0 T APT_ReceiveParameter
00152214 000000b0 t aptReceiveParameter.constprop.0
001522c8 000002bc t aptScreenTransfer
00152584 000002d0 t aptWaitForWakeUp.isra.0
00152854 000000f8 T aptJumpToHomeMenu
0015294c 0000004c T aptMainLoop
00152998 00000234 T aptInit
00152bcc 0000007c T APT_CheckNew3DS
00152c48 00000024 W hidShouldUseIrrst
00152c6c 0000018c T hidInit
00152df8 000000e8 T hidExit
00152ee0 00000294 T hidScanInput
00153174 00000010 T hidKeysHeld
00153184 00000010 T hidKeysDown
00153194 00000010 T hidKeysUp
001531a4 00000018 T hidTouchRead
001531bc 00000018 T hidCircleRead
001531d4 00000074 T ptmSysmInit
00153248 0000003c T ptmSysmExit
00153284 00000034 T PTMSYSM_ConfigureNew3DSCPU
001532b8 000000c8 T fsInit
00153380 0000003c T fsExit
001533bc 00000060 T fsExemptFromSession
0015341c 00000050 T fsUnexemptFromSession
0015346c 000000cc T FSUSER_OpenFile
00153538 000000d4 T FSUSER_OpenFileDirectly
0015360c 000000bc T FSUSER_DeleteFile
001536c8 000000f8 T FSUSER_RenameFile
001537c0 000000bc T FSUSER_DeleteDirectory
0015387c 000000d4 T FSUSER_CreateFile
00153950 000000c4 T FSUSER_CreateDirectory
00153a14 000000f8 T FSUSER_RenameDirectory
00153b0c 000000b4 T FSUSER_OpenDirectory
00153bc0 00000094 T FSUSER_OpenArchive
00153c54 0000008c T FSUSER_CloseArchive
00153ce0 00000074 T FSUSER_GetSdmcArchiveResource
00153d54 00000064 T FSUSER_IsSdmcWritable
00153db8 00000058 T FSFILE_Read
00153e10 00000060 T FSFILE_Write
00153e70 00000038 T FSFILE_GetSize
00153ea8 00000028 T FSFILE_SetSize
00153ed0 0000003c T FSFILE_Close
00153f0c 00000024 T FSFILE_Flush
00153f30 00000050 T FSDIR_Read
00153f80 0000003c T FSDIR_Close
00153fbc 00000024 T inet_addr
00153fe0 00000158 T socket
00154138 00000174 T gethostbyname
001542ac 0000015c T gethostbyaddr
00154408 0000003c T _net_convert_error
00154444 00000050 T gethostid
00154494 000001b0 T inet_aton
00154644 0000017c T bind
001547c0 00000150 T fcntl
00154910 000000e0 T inet_ntoa
001549f0 00000014 t soc_open
00154a04 00000034 t soc_read
00154a38 00000034 t soc_write
00154a6c 0000008c t soc_close
00154af8 0000014c T socInit
00154c44 00000088 T socExit
00154ccc 00000158 T getsockname
00154e24 00000144 T socuipc_cmd7
00154f68 0000015c T socuipc_cmd8
001550c4 00000024 T soc_recvfrom
001550e8 000000a8 T recvfrom
00155190 0000015c T socuipc_cmd9
001552ec 00000160 T socuipc_cmda
0015544c 00000024 T soc_sendto
00155470 000000a8 T sendto
00155518 00000010 T rbtree_init
00155528 000001a0 t do_insert
001556c8 00000008 T rbtree_insert
001556d0 00000090 T rbtree_rotate
00155760 00000338 T rbtree_remove
00155a98 00000074 T rbtree_find
00155b10 000001e0 W __system_allocateHeaps
00155cf0 00000038 W __libctru_init
00155d28 000000f0 W __system_initArgv
00155e18 T svcControlMemory
00155e38 T svcQueryMemory
00155e68 T svcExitProcess
00155e70 T svcCreateThread
00155e90 T svcExitThread
00155e98 T svcSleepThread
00155ea0 T svcReleaseMutex
00155ea8 T svcCreateEvent
00155ebc T svcSignalEvent
00155ec4 T svcClearEvent
00155ecc T svcCreateMemoryBlock
00155ee4 T svcMapMemoryBlock
00155eec T svcUnmapMemoryBlock
00155ef4 T svcCreateAddressArbiter
00155f08 T svcArbitrateAddressNoTimeout
00155f10 T svcCloseHandle
00155f18 T svcWaitSynchronization
00155f20 T svcWaitSynchronizationN
00155f48 T svcDuplicateHandle
00155f5c T svcGetSystemTick
00155f64 T svcConnectToPort
00155f78 T svcSendSyncRequest
00155f80 T svcGetResourceLimit
00155f94 T svcGetResourceLimitLimitValues
00155f9c T svcGetResourceLimitCurrentValues
00155fa4 T svcBreak
00155fac W initSystem
00155ffc W __ctru_exit
00156014 00000024 t addrMapNodeComparator(rbtree_node const*, rbtree_node const*)
00156038 00000004 t addrMapNodeDestructor(rbtree_node*)
0015603c 00000114 T vramMemAlign
00156150 00000008 T vramAlloc
00156158 0000005c T vramFree
001561b4 0000000c T __sync_init
001561c0 00000018 T __sync_fini
001561d8 0000002c T syncArbitrateAddress
00156204 0000001c T LightLock_Init
00156220 00000094 T LightLock_Lock
001562b4 00000044 T LightLock_TryLock
001562f8 00000040 T LightLock_Unlock
00156338 00000024 T RecursiveLock_Init
0015635c 00000030 T RecursiveLock_Lock
0015638c 00000078 T RecursiveLock_TryLock
00156404 00000054 T RecursiveLock_Unlock
00156458 00000040 T LightEvent_Init
00156498 000000a4 T LightEvent_Clear
0015653c 000000c8 T LightEvent_Signal
00156604 00000058 T LightEvent_TryWait
0015665c 000000b0 T LightEvent_Wait
0015670c 00000084 W envGetHandle
00156790 00000050 W envDestroyHandles
001567e0 00000124 T srvInit
00156904 00000058 T srvExit
0015695c 00000080 T srvGetServiceHandleDirect
001569dc 00000048 T srvGetServiceHandle
00156a24 00000038 T srvPublishToSubscriber
00156a5c 00000188 T threadCreate
00156be4 0000002c T threadFree
00156c10 00000024 T threadJoin
00156c34 00000030 T threadGetCurrent
00156c64 00000040 T threadExit
00156ca4 00000044 t _thread_begin
00156ce8 00000094 t mappableFindAddressWithin
00156d7c 00000028 T mappableInit
00156da4 00000080 T mappableAlloc
00156e24 00000004 T mappableFree
00156e28 0000000c T srvPmGetSessionHandle
00156e34 00000050 T rbtree_node_next
00156e84 00000030 W __appInit
00156eb4 00000030 t __libctru_nanosleep
00156ee4 00000030 t __libctru_get_reent
00156f14 000000f8 T __system_initSyscalls
0015700c 00000030 W __appExit
0015703c 00000090 W __libctru_exit
001570cc 00000014 t archive_link
001570e0 00000014 t archive_dirreset
001570f4 00000014 t archive_chmod
00157108 00000024 t error_cmp
0015712c 00000050 t archive_translate_error
0015717c 000000d4 t archive_seek
00157250 0000007c t _archiveInit.part.0
001572cc 0000008c t archiveFindDevice.part.0
00157358 00000294 t archive_utf16path
001575ec 000000a0 t _archiveUnmountDeviceStruct.part.0
0015768c 00000014 t archive_fchmod
001576a0 00000014 t archive_statvfs
001576b4 00000158 t _archiveMountDevice
0015780c 000000e8 t archive_diropen
001578f4 000000a4 t archive_fstat
00157998 0000006c t archive_close
00157a04 0000006c t archive_fsync
00157a70 00000070 t archive_dirclose
00157ae0 000000e8 t sdmc_statvfs
00157bc8 00000080 t archive_ftruncate
00157c48 000000fc t archive_chdir
00157d44 000000b0 t archive_read
00157df4 000000ac t archive_unlink
00157ea0 000000c8 t archive_rmdir
00157f68 000000ec t archive_mkdir
00158054 000001a8 t archive_stat
001581fc 00000184 t archive_rename
00158380 00000168 t archive_dirnext
001584e8 0000012c t archive_write
00158614 000001f0 t archive_open
00158804 000001a4 T archiveMountSdmc
001589a8 00000054 T archiveUnmountAll
001589fc 000000e8 T utf16_to_utf8
00158ae4 00000064 T decode_utf16
00158b48 0000013c T decode_utf8
00158c84 000000c0 T utf8_to_utf16
00158d44 T __aeabi_read_tp
00158d50 00000060 T encode_utf16
00158db0 000000fc T encode_utf8
00158eb0 000006e8 T pow
00159598 00000284 T atan
00159820 00000164 T ceil
00159988 000000c0 T cos
00159a48 00000014 T fabs
00159a60 00000174 T floor
00159bd8 000000c8 T sin
00159ca0 00000078 T tan
00159d18 00000004 T atan2
00159d20 00000204 T __ieee754_atan2
00159f28 00000328 T __ieee754_rem_pio2
0015a250 00000158 T __kernel_cos
0015a3a8 0000088c T __kernel_rem_pio2
0015ac38 000000c0 T __kernel_sin
0015acf8 00000290 T __kernel_tan
0015af88 00000024 t with_errno
0015afac 00000028 t xflow
0015afd8 00000010 T __math_uflow
0015afe8 00000010 T __math_oflow
0015aff8 00000050 T __math_divzero
0015b048 0000001c T __math_invalid
0015b064 00000014 T __math_check_uflow
0015b078 00000028 T __math_check_oflow
0015b0a0 0000012c T scalbn
0015b1d0 00000040 T __aeabi_d2ulz
0015b1d0 00000040 T __fixunsdfdi
0015b210 00000120 T __udivmoddi4
0015b330 00000008 T atof
0015b338 0000000c T atoi
0015b344 00000078 T bsearch
0015b3bc 00000028 T calloc
0015b3e4 000000bc T _calloc_r
0015b4a0 0000000c T __errno
0015b4ac 00000034 T exit
0015b4e0 00000160 T _fclose_r
0015b640 00000020 T fclose
0015b660 00000258 T __sflush_r
0015b8b8 00000094 T _fflush_r
0015b94c 00000038 T fflush
0015b984 000000b4 T fgetc
0015ba38 0000000c T _cleanup_r
0015ba44 00000184 T __sinit
0015bbc8 00000134 T __sfp
0015bcfc 0000000c T __sfp_lock_acquire
0015bd08 0000000c T __sfp_lock_release
0015bd14 0000003c T __libc_fini_array
0015bd50 00000140 T _fopen_r
0015be90 00000028 T fopen
0015beb8 0000003c T fprintf
0015bef4 000002d4 T _fread_r
0015c1c8 00000038 T fread
0015c200 000000f8 T _malloc_trim_r
0015c2f8 000002e4 T _free_r
0015c5dc 0000003c T fscanf
0015c618 0000001c T _fseek_r
0015c634 00000034 T fseek
0015c668 00000598 T _fseeko_r
0015cc00 00000034 T ftell
0015cc34 000001bc T _ftello_r
0015cdf0 00000068 T _fwalk
0015ce58 00000070 T _fwalk_reent
0015cec8 000000f8 T _fwrite_r
0015cfc0 00000038 T fwrite
0015cff8 000000b4 T getc
0015d0ac 0000007c T __libc_init_array
0015d128 00000138 T __smakebuf_r
0015d260 0000008c T __swhatbuf_r
0015d2ec 00000028 T memalign
0015d314 00000150 T _memalign_r
0015d464 00000020 T malloc
0015d484 00000020 T free
0015d4a4 000007e0 T _malloc_r
0015dc84 000000e0 T memchr
0015dd64 0000011c T memcpy
0015de80 00000154 T memmove
0015dfd4 00000118 T memset
0015e0ec 0000000c T __malloc_lock
0015e0f8 0000000c T __malloc_unlock
0015e104 00000034 T printf
0015e138 00000024 T putchar
0015e15c 000000dc T _putc_r
0015e238 000000e0 T _puts_r
0015e318 00000020 T puts
0015e338 00000044 T rand
0015e37c 0000001c t lflush
0015e398 000001ac T __srefill_r
0015e544 00000050 T __srget_r
0015e594 00000260 T setvbuf
0015e7f4 00000064 T sprintf
0015e858 00000074 T sscanf
0015e8cc 00000044 T __sread
0015e910 00000008 T __seofread
0015e918 00000068 T __swrite
0015e980 00000048 T __sseek
0015e9c8 00000008 T __sclose
0015e9d0 00000070 T stpcpy
0015ea40 0000006c T strcasecmp
0015eaac 00000070 T strcat
0015eb1c 0000012c T strchr
0015ec48 000000f0 T strcpy
0015ed38 0000063c T _strerror_r
0015f374 00000028 T strerror
0015f39c 0000005c T strlen
0015f3f8 00000090 T strncasecmp
0015f488 000000ec T strncat
0015f574 000000dc T strncmp
0015f650 000000c0 T strncpy
0015f710 00000048 T strnlen
0015f758 00000044 T strrchr
0015f79c 00000430 t two_way_long_needle
0015fbcc 00000248 T strstr
0015fe18 00001368 T _strtod_l
00161180 0000000c T _strtod_r
0016118c 0000002c T strtod
001611b8 000001a4 t _strtol_l.part.0
0016135c 0000003c T _strtol_r
00161398 00000058 T strtol
001613f0 00000628 t get_arg
00161a18 000035b8 T _svfprintf_r
00164fd0 00000050 t get_arg
00165020 00002bbc T __ssvfscanf_r
00167bdc 00000020 T close
00167bfc 00000040 T open
00167c3c 00000020 T unlink
00167c5c 00000030 T write
00167c8c 00000008 T _user_strerror
00167c94 00000628 t get_arg
001682bc 00000030 T __sprint_r
001682ec 0000233c T _vfiprintf_r
0016a628 000000d4 t __sbprintf
0016a6fc 00000628 t get_arg
0016ad28 00003684 T _vfprintf_r
0016e3ac 000000d4 t __sbprintf
0016e480 00000050 t get_arg
0016e4d0 00002be4 T __svfscanf_r
001710b4 0000003c T _vfscanf_r
001710f0 00000028 T vprintf
00171118 0000005c T vsprintf
00171174 00000108 T __swbuf_r
0017127c 00000054 T _wcrtomb_r
001712d0 00000028 T _wcsrtombs_r
001712f8 00000154 T __swsetup_r
0017144c 00000114 T __call_exitprocs
00171560 000001ac t quorem
00171710 000012cc T _dtoa_r
001729dc 000000cc T __sflags
00172aa8 000004c0 T __sfvwrite_r
00172f68 000000ec t rshift
00173054 00000904 T __gethex
00173958 0000004c T __match
001739a4 0000029c T __hexnan
00173c40 00000008 T iswspace
00173c48 0000000c T _localeconv_r
00173c54 00000010 T __locale_mb_cur_max
00173c64 00000068 T _mbrtowc_r
00173ccc 000002e4 T __utf8_mbtowc
00173fb0 000000a8 T memcmp
00174058 00000088 T _Balloc
001740e0 0000001c T _Bfree
001740fc 000000f4 T __multadd
001741f0 00000110 T __s2b
00174300 00000058 T __hi0bits
00174358 00000094 T __lo0bits
001743ec 000000a4 T __i2b
00174490 00000204 T __multiply
00174694 00000120 T __pow5mult
001747b4 0000013c T __lshift
001748f0 00000058 T __mcmp
00174948 000001cc T __mdiff
00174b14 00000074 T __ulp
00174b88 000000d0 T __b2d
00174c58 00000124 T __d2b
00174d7c 00000078 T __ratio
00174df4 00000088 T __copybits
00174e7c 0000005c T __any_on
00174ed8 00000028 T realloc
00174f00 00000558 T _realloc_r
00175458 000000e4 T __sccl
0017553c 0000000c T nanf
00175548 000000a8 T frexp
001755f0 00000010 T nan
00175600 000000b8 T stpncpy
001756b8 0000022c t _strtoll_l.constprop.0
001758e4 00000004 T _strtoll_r
001758e8 00000244 t _strtoull_l.constprop.0
00175b2c 00000004 T _strtoull_r
00175b30 000001c4 t _strtoul_l.constprop.0
00175cf4 00000004 T _strtoul_r
00175cf8 00000190 T __ssprint_r
00175e88 000000e0 T _sungetc_r
00175f68 0000006c T __ssrefill_r
00175fd4 000000c8 T _sfread_r
0017609c 000000a8 T __submore
00176144 00000208 T _ungetc_r
0017634c 00000190 T _wcsnrtombs_l
001764dc 0000004c T _wcsnrtombs_r
00176528 000000f0 T __utf8_wctomb
00176618 00000054 T __assert_func
0017666c 0000003c T fiprintf
001766a8 0000003c T iswspace_l
001766e4 000001d4 t __jp2uc
001768b8 0000009c T _jp2uc_l
00176954 00000014 T abort
00176968 00000084 T category
001769ec 00000098 T _raise_r
00176a84 00000020 T raise
00176aa4 00000008 t null_write
00176aac 00000018 T setDefaultDevice
00176ac4 000000c8 T FindDevice
00176b8c 00000028 T RemoveDevice
00176bb4 0000009c T AddDevice
00176c50 00000020 T GetDeviceOpTab
00176c70 00000078 T _fstat_r
00176ce8 00000014 T _getpid_r
00176cfc 00000008 T _isatty_r
00176d04 00000014 T _kill_r
00176d18 00000084 T _lseek_r
00176d9c 000000c8 T _open_r
00176e64 00000080 T _read_r
00176ee4 00000078 T _sbrk_r
00176f5c 00000070 T _unlink_r
00176fcc 00000080 T _write_r
0017704c 00000024 T _exit
00177070 000001b8 T _concatenate_path
00177228 00000160 T chdir
00177388 00000008 T __flockfile
00177390 00000008 T __funlockfile
00177398 00000018 T __libc_lock_acquire
001773b0 00000018 T __libc_lock_release
001773c8 00000018 T __libc_lock_init_recursive
001773e0 00000018 T __libc_lock_acquire_recursive
001773f8 00000018 T __libc_lock_release_recursive
00177410 00000018 T __libc_lock_close_recursive
00177428 0000008c T __release_handle
001774b4 000000b4 T __alloc_handle
00177568 0000003c T __get_handle
001775a4 000000f4 T _close_r
00177698 00000028 T __getreent
001776c0 00000038 T __aeabi_d2lz
001776c0 00000038 T __fixdfdi
001776f8 T _fini
00178000 00000010 r __func__.0
00178010 0000001c r safeargvs
0017802c 00000200 r crctable
0017822c 00000010 r ISA_IRQs
0017823c 00000010 r ISA_uarts
0017824c 00000018 r CSWTCH.483
00178264 00002000 r adivtab
0017a264 00000010 r surfmiptable
0017e5d4 r .LC2
00181428 00000030 r colorTable
00181458 00000070 r dotab_stdout
001814d0 00000011 r dsp_filename.0
00181540 00000008 r morton_x.3
00181548 00000008 r morton_y.2
00181550 00000008 r s_sleepWakeEvents.4
0018158c 0000004d r _net_error_code_map
001815e8 R default_font_bin
00181de8 R default_font_bin_end
00181e08 00000070 r archive_devoptab
00181e78 00000030 r error_table
00181ea8 00000020 r atanhi
00181ec8 00000020 r atanlo
00181ee8 00000018 r CSWTCH.8
00181f00 00000018 r CSWTCH.9
00181f18 00000080 r npio2_hw
00181f98 00000108 r two_over_pi
001820a0 00000870 R __exp_data
00182910 00000040 r PIo2
00182950 00000010 r init_jk
00182960 00001048 R __pow_log_data
001839a8 00000101 R _ctype_
00183aac 00000004 R _global_impure_ptr
001841bc 00000014 r fpi.1
001841d0 00000014 r fpinan.0
001841e8 00000028 r tinytens
0018424c 00000010 r blanks.1
0018425c 00000010 r zeroes.0
00184274 00000022 r basefix.0
00184298 00000010 r blanks.1
001842a8 00000010 r zeroes.0
001842b8 00000010 r blanks.1
001842c8 00000010 r zeroes.0
001842d8 00000022 r basefix.0
001843a8 00000100 R __hexdig
001844a8 0000000c R _C_numeric_locale
00184538 00000028 R __mprec_bigtens
00184560 000000c8 R __mprec_tens
00184628 0000000c r p05.0
00184634 0000006c R __action_table
001846a0 00000100 R __chclass
001847a0 0000006c R __state_table
00184860 000000bc r a1
0018491c 000000bc r a2
001849d8 0000005b r a3
00184a34 00000070 r a6
00184aa4 000000a2 r a7
00184b48 00000040 r a8
00184b88 0000172a r b02cf
001862b4 00001a7c r d02f4
00187d30 000031e6 r categories
0018af18 00000070 R dotab_stdnull
0018af88 r 
0018af88 R __exidx_end
0018af88 R __exidx_start
0018b000 00000014 D chase_back
0018b014 00000014 D chase_up
0018b028 00000014 D chase_right
0018b03c 00000014 D chase_active
0018b050 00000014 D cl_anglespeedkey
0018b064 00000014 D cl_yawspeed
0018b078 00000014 D cl_pitchspeed
0018b08c 00000014 D cl_sidespeed
0018b0a0 00000014 D cl_upspeed
0018b0b4 00000014 D cl_forwardspeed
0018b0c8 00000014 D cl_backspeed
0018b0dc 00000014 D cl_movespeedkey
0018b0f0 00000014 D cl_name
0018b104 00000014 D cl_color
0018b118 00000014 D cl_nolerp
0018b12c 00000014 D cl_shownet
0018b140 00000014 D lookspring
0018b154 00000014 D lookstrafe
0018b168 00000014 D sensitivity
0018b17c 00000014 D m_pitch
0018b190 00000014 D m_yaw
0018b1a4 00000014 D m_forward
0018b1b8 00000014 D m_side
0018b1cc 0000008c D svc_strings
0018b258 00000001 D standard_quake
0018b25c 00000004 D static_registered
0018b260 00000014 D registered
0018b274 00000014 D cmdline
0018b288 00000100 D pop
0018b388 00000014 D con_notifytime
0018b39c 00000004 D con_cursorspeed
0018b3a0 00000004 D cvar_null_string
0018b3a4 00000014 D host_framerate
0018b3b8 00000014 D host_speeds
0018b3cc 00000014 D sys_ticrate
0018b3e0 00000014 D serverprofile
0018b3f4 00000014 D fraglimit
0018b408 00000014 D timelimit
0018b41c 00000014 D teamplay
0018b430 00000014 D samelevel
0018b444 00000014 D noexit
0018b458 00000014 D skill
0018b46c 00000014 D developer
0018b480 00000014 D deathmatch
0018b494 00000014 D coop
0018b4a8 00000014 D pausable
0018b4bc 00000014 D temp1
0018b4d0 00000250 D keynames
0018b720 00000004 D nanmask
0018b724 00000014 D setup_cursor_table
0018b738 00000004 D setup_cursor
0018b73c 00000040 D net_helpMessage
0018b77c 00000090 D bindnames
0018b80c 00000018 D serialConfig_baudrate
0018b824 00000004 D lanConfig_cursor
0018b828 00000018 D serialConfig_cursor_table
0018b840 00000014 D modemConfig_cursor_table
0018b854 0000000c D lanConfig_cursor_table
0018b860 00000048 D hipnoticepisodes
0018b8a8 00000030 D rogueepisodes
0018b8d8 00000054 D episodes
0018b92c 00000090 D hipnoticlevels
0018b9bc 00000024 D gameoptions_cursor_table
0018b9e0 00000088 D roguelevels
0018ba68 00000130 D levels
0018bb98 00000080 D quitMessage
0018bc18 00000004 D banMask
0018bc20 00000018 D testPollProcedure
0018bc38 00000018 D test2PollProcedure
0018bc50 00000004 D ctrport_fix
0018bc58 00000004 D DEFAULTnet_hostport
0018bc60 00000018 D slistSendProcedure
0018bc78 00000018 D slistPollProcedure
0018bc90 00000001 D slistLocal
0018bc94 00000004 D vcrFile
0018bc98 00000014 D net_messagetimeout
0018bcac 00000014 D hostname
0018bcc0 00000014 D config_com_port
0018bcd4 00000014 D config_com_irq
0018bce8 00000014 D config_com_baud
0018bcfc 00000014 D config_com_modem
0018bd10 00000014 D config_modem_dialtype
0018bd24 00000014 D config_modem_clear
0018bd38 00000014 D config_modem_init
0018bd4c 00000014 D config_modem_hangup
0018bd60 00000014 D sv_aim
0018bd74 00000004 D pr_numbuiltins
0018bd78 00000004 D pr_builtins
0018bd7c 0000013c D pr_builtin
0018beb8 00000020 D type_size
0018bed8 00000014 D nomonsters
0018beec 00000014 D gamecfg
0018bf00 00000014 D scratch1
0018bf14 00000014 D scratch2
0018bf28 00000014 D scratch3
0018bf3c 00000014 D scratch4
0018bf50 00000014 D savedgamecfg
0018bf64 00000014 D saved1
0018bf78 00000014 D saved2
0018bf8c 00000014 D saved3
0018bfa0 00000014 D saved4
0018bfb4 00000108 D pr_opnames
0018c0bc 00000004 D beamlength
0018c0c0 00000020 D ramp1
0018c0e0 00000020 D ramp3
0018c100 00000020 D ramp2
0018c120 00000004 D timescale
0018c124 00000004 D partstep
0018c128 0000000c D avelocity
0018c134 00000010 D hipweapons
0018c144 00000014 D sv_maxvelocity
0018c158 00000014 D sv_gravity
0018c16c 00000014 D sv_nostep
0018c180 00000014 D sv_stopspeed
0018c194 00000014 D sv_friction
0018c1a8 00000014 D sv_idealpitchscale
0018c1bc 00000014 D sv_edgefriction
0018c1d0 00000014 D sv_accelerate
0018c1e4 00000014 D sv_maxspeed
0018c1f8 00000010 D cshift_empty
0018c208 00000014 D v_centerspeed
0018c21c 00000014 D cl_rollangle
0018c230 00000014 D cl_rollspeed
0018c244 00000014 D cl_bobcycle
0018c258 00000014 D cl_bobup
0018c26c 00000014 D cl_bob
0018c280 00000014 D v_centermove
0018c294 00000014 D v_gamma
0018c2a8 00000014 D v_kickroll
0018c2bc 00000014 D v_kickpitch
0018c2d0 00000014 D v_kicktime
0018c2e4 00000010 D cshift_lava
0018c2f4 00000010 D cshift_slime
0018c304 00000010 D cshift_water
0018c314 00000014 D v_idlescale
0018c328 00000014 D v_iroll_cycle
0018c33c 00000014 D v_iroll_level
0018c350 00000014 D v_ipitch_cycle
0018c364 00000014 D v_ipitch_level
0018c378 00000014 D v_iyaw_cycle
0018c38c 00000014 D v_iyaw_level
0018c3a0 00000014 D scr_ofsx
0018c3b4 00000014 D scr_ofsy
0018c3c8 00000014 D scr_ofsz
0018c3dc 00000014 D crosshair
0018c3f0 00000014 D cl_crossy
0018c404 00000014 D cl_crossx
0018c418 00000014 D lcd_x
0018c42c 00000014 D lcd_yaw
0018c440 00000014 D gl_cshiftpercent
0018c454 00000004 D __stacksize__
0018c458 00000014 D d_subdiv16
0018c46c 00000014 D d_mipcap
0018c480 00000014 D d_mipscale
0018c494 00000014 D dither_filter
0018c4a8 000001b0 D edgetables
0018c658 00000020 D dither_kernel
0018c678 00000798 D r_avertexnormals
0018ce10 00000014 D r_draworder
0018ce24 00000014 D r_speeds
0018ce38 00000014 D r_timegraph
0018ce4c 00000014 D r_graphheight
0018ce60 00000014 D r_drawflat
0018ce74 00000014 D r_ambient
0018ce88 00000014 D r_clearcolor
0018ce9c 00000014 D r_waterwarp
0018ceb0 00000014 D r_fullbright
0018cec4 00000014 D r_drawentities
0018ced8 00000014 D r_drawviewmodel
0018ceec 00000014 D r_aliasstats
0018cf00 00000014 D r_dspeeds
0018cf14 00000014 D r_reportsurfout
0018cf28 00000014 D r_maxsurfs
0018cf3c 00000014 D r_numsurfs
0018cf50 00000014 D r_reportedgeout
0018cf64 00000014 D r_maxedges
0018cf78 00000014 D r_numedges
0018cf8c 00000014 D r_aliastransbase
0018cfa0 00000014 D r_aliastransadj
0018cfb4 00000004 D r_aliasuvscale
0018cfb8 0000000c D r_viewlighting
0018cfc4 00000004 D r_framecount
0018cfc8 00000004 D reinit_surfcache
0018cfcc 00000004 D r_pixbytes
0018cfd0 00000001 D r_recursiveaffinetriangles
0018cfd4 00000004 d xlast.1
0018cfd8 00000004 d ylast.0
0018cfdc 00000004 D iskyspeed
0018cfe0 00000004 D iskyspeed2
0018cfe4 00000014 D scr_viewsize
0018cff8 00000014 D scr_conspeed
0018d00c 00000014 D scr_centertime
0018d020 00000014 D scr_printspeed
0018d034 00000014 D scr_fov
0018d048 00000014 D scr_showram
0018d05c 00000014 D scr_showturtle
0018d070 00000014 D scr_showpause
0018d084 00000014 D ambient_level
0018d098 00000014 D ambient_fade
0018d0ac 00000014 D _snd_mixahead
0018d0c0 00000001 d snd_ambient
0018d0c4 00000014 D nosound
0018d0d8 00000014 D volume
0018d0ec 00000014 D precache
0018d100 00000014 D loadas8bit
0018d114 00000014 D bgmvolume
0018d128 00000014 D bgmbuffer
0018d13c 00000014 D snd_noextraupdate
0018d150 00000014 D snd_show
0018d164 00000004 D sound_nominal_clip_dist
0018d168 00000004 d hash.0
0018d16c 00000004 d hash.1
0018d170 00000004 D fakedma_updates
0018d174 00000004 D desired_bits
0018d178 00000004 D desired_speed
0018d17c 00000001 D isDSP
0018d180 00000004 D SAMPLERATE
0018d184 00000004 D net_numlandrivers
0018d188 000002a0 D net_landrivers
0018d428 00000004 D net_numdrivers
0018d42c 000001e0 D net_drivers
0018d60c 00000004 d net_acceptsocket
0018d610 00000014 D csensitivity
0018d624 00000014 D circlepadsensitivity
0018d638 00000054 D keymap
0018d68c 00000004 D currentConsole
0018d690 0000004c D defaultConsole
0018d6dc 00000001 d firstConsoleInit.0
0018d6e0 00000004 d kCount
0018d6e4 00000004 d kDelay
0018d6e8 00000004 d kInterval
0018d6ec 00000070 d soc_devoptab
0018d75c 0000000c d __sfp_recursive_mutex
0018d768 0000000c d __sinit_recursive_mutex
0018d774 00000004 D _impure_ptr
0018d778 00000460 d impure_data
0018dbd8 00000408 D __malloc_av_
0018dfe0 00000004 D __malloc_sbrk_base
0018dfe4 00000004 D __malloc_trim_threshold
0018dfe8 0000000c d __malloc_recursive_mutex
0018dff4 0000000c D __atexit_recursive_mutex
0018e000 00000002 d numempty
0018e004 0000016c D __global_locale
0018e170 00000004 d defaultDevice
0018e174 0000008c D devoptab_list
0018e200 00000400 d _current_working_directory
0018e600 00000004 d __hndl_lock
0018e604 0000000c d __stderr_handle
0018e610 0000000c d __stdin_handle
0018e61c 0000000c d __stdout_handle
0018e628 00001000 d handles
0018f630 d _GLOBAL_OFFSET_TABLE_
0018f63c d __frame_dummy_init_array_entry
0018f63c D __init_array_start
0018f63c B __preinit_array_end
0018f63c B __preinit_array_start
0018f63c D __tdata_lma
0018f63c D __tdata_lma_end
0018f640 d __do_global_dtors_aux_fini_array_entry
0018f640 D __fini_array_start
0018f640 D __init_array_end
0018f644 D __bss_start__
0018f644 0000000c B chase_dest
0018f644 D __fini_array_end
0018f650 0000000c B chase_dest_angles
0018f65c 0000000c B chase_angles
0018f668 0000000c B chase_pos
0018f674 00000004 B in_impulse
0018f678 0000000c B in_attack
0018f684 0000000c B in_down
0018f690 0000000c B in_left
0018f69c 0000000c B in_right
0018f6a8 0000000c B in_forward
0018f6b4 0000000c B in_lookdown
0018f6c0 0000000c B in_back
0018f6cc 0000000c B in_lookup
0018f6d8 0000000c B in_klook
0018f6e4 0000000c B in_strafe
0018f6f0 0000000c B in_up
0018f6fc 0000000c B in_jump
0018f708 0000000c B in_mlook
0018f714 0000000c B in_speed
0018f720 0000000c B in_moveleft
0018f72c 0000000c B in_moveright
0018f738 0000000c B in_use
0018f748 00000b58 B cl
001902a0 000008f8 B cls
00190b98 00000400 B cl_dlights
00190f98 00000004 B cl_numvisedicts
00190f9c 00000400 B cl_visedicts
0019139c 00001100 B cl_lightstyle
001924a0 00005c00 B cl_static_entities
001980a0 0002e000 B cl_entities
001c60a0 00002800 B cl_efrags
001c88a0 00000004 b lastmsg.0
001c88a4 00000040 B bitcounts
001c88e8 00000004 B cl_sfx_wizhit
001c88ec 00000004 B cl_sfx_knighthit
001c88f0 00000004 B cl_sfx_tink1
001c88f4 00000004 B cl_sfx_ric1
001c88f8 00000004 B cl_sfx_ric2
001c88fc 00000004 B cl_sfx_ric3
001c8900 00000004 B cl_sfx_r_exp3
001c8904 00000360 B cl_beams
001c8c64 00000004 B num_temp_entities
001c8c68 00002e00 B cl_temp_entities
001cba68 00000001 B cmd_wait
001cba6c 00000004 b cmd_argc
001cba70 00000140 b cmd_argv
001cbbb0 00000004 b cmd_args
001cbbb4 00000004 B cmd_alias
001cbbb8 00000010 B cmd_text
001cbbc8 00000004 b cmd_functions
001cbbcc 00000001 B cmd_source
001cbbd0 00000004 B trashspot
001cbbd4 00000004 B trashtest
001cbbd8 00000004 B com_searchpaths
001cbbdc 00000004 B LittleLong
001cbbe0 00000004 B msg_readcount
001cbbe4 00000001 B msg_badread
001cbbe8 00000800 b string.2
001cc3e8 00000008 b exten.1
001cc3f0 00000400 B com_token
001cc7f0 00000004 B com_argc
001cc7f4 00000004 B com_argv
001cc7f8 00000100 B com_cmdline
001cc8f8 000000e8 b largv
001cc9e0 00000001 B hipnotic
001cc9e1 00000001 B rogue
001cc9e4 00000400 b string.0
001ccde4 00000080 B com_gamedir
001cce64 00000001 B proghack
001cce68 00000004 B com_filesize
001cce6c 00000080 B com_cachedir
001cceec 00000004 B loadcache
001ccef0 00000004 B loadsize
001ccef4 00000004 B loadbuf
001ccef8 00000001 B com_modified
001ccef9 00000001 B bigendien
001ccefc 00000004 B BigShort
001ccf00 00000004 B LittleShort
001ccf04 00000004 B BigLong
001ccf08 00000004 B BigFloat
001ccf0c 00000004 B LittleFloat
001ccf10 00000001 B msg_suppress_1
001ccf14 00000010 B con_times
001ccf24 00000004 B con_text
001ccf28 00000004 B con_linewidth
001ccf2c 00000004 B con_totallines
001ccf30 00000004 B con_current
001ccf34 00000004 B con_backscroll
001ccf38 00000004 B con_x
001ccf3c 00000004 b cr.2
001ccf40 00000800 b data.1
001cd740 00000001 B con_debuglog
001cd741 00000001 B con_initialized
001cd742 00000001 b inupdate.0
001cd743 00000001 B con_forcedup
001cd744 00000004 B con_vislines
001cd748 00000004 B con_notifylines
001cd74c 00000004 B cvar_vars
001cd750 00000008 B host_time
001cd758 00000001 B host_initialized
001cd75c 00000004 B host_client
001cd760 0000005c B host_abortserver
001cd7bc 00000001 b inerror.6
001cd7c0 00000004 B host_hunklevel
001cd7c8 00000008 B realtime
001cd7d0 00000008 B oldrealtime
001cd7d8 00000008 B host_frametime
001cd7e0 00000008 b time1.5
001cd7e8 00000008 b time2.4
001cd7f0 00000004 B host_framecount
001cd7f8 00000008 b time3.3
001cd800 00000008 b timetotal.2
001cd808 00000004 b timecount.1
001cd80c 00000004 B minimum_memory
001cd810 00000018 B host_parms
001cd828 00000004 B host_basepal
001cd82c 00000004 B host_colormap
001cd830 00000001 b isdown.0
001cd834 00000001 B noclip_anglehack
001cd838 00000004 B current_skill
001cd83c 00000400 B keybindings
001cdc3c 00000004 B edit_line
001cdc40 00000004 B history_line
001cdc44 00000004 B key_linepos
001cdc48 00000001 B team_message
001cdc4c 00000020 B chat_buffer
001cdc6c 00000001 B key_dest
001cdc70 00000004 b chat_bufferlen.1
001cdc74 00000002 b tinystr.0
001cdc78 00000100 B consolekeys
001cdd78 00000400 B keyshift
001ce178 00000100 B menubound
001ce278 00000100 B keydown
001ce378 00000004 B key_count
001ce37c 00000400 B key_repeats
001ce77c 00000004 B key_lastpress
001ce780 00000004 B shift_down
001ce784 00002000 B key_lines
001d0784 0000000c B vec3_origin
001d0790 00000004 B m_save_demonum
001d0794 00000001 B m_state
001d0795 00000001 B m_entersound
001d0798 00000004 B help_page
001d079c 00000010 B setup_myname
001d07ac 00000010 B setup_hostname
001d07bc 00000004 B setup_oldtop
001d07c0 00000004 B setup_top
001d07c4 00000004 B setup_oldbottom
001d07c8 00000004 B setup_bottom
001d07cc 00000001 B wasInMenus
001d07d0 00000004 B m_quit_prevstate
001d07d4 00000004 B msgNumber
001d07d8 00000100 B identityTable
001d08d8 00000100 B translationTable
001d09d8 00000004 B m_main_cursor
001d09dc 00000004 B m_singleplayer_cursor
001d09e0 00000030 B loadable
001d0a10 000001e0 B m_filenames
001d0bf0 00000004 B load_cursor
001d0bf4 00000004 B m_multiplayer_cursor
001d0bf8 00000004 B m_net_items
001d0bfc 00000004 B m_net_cursor
001d0c00 00000004 B options_cursor
001d0c04 00000004 B vid_menudrawfn
001d0c08 00000004 B bind_grab
001d0c0c 00000004 B keys_cursor
001d0c10 00000004 B vid_menukeyfn
001d0c14 00000004 B serialConfig_cursor
001d0c18 00000004 B serialConfig_irq
001d0c1c 00000004 B serialConfig_comport
001d0c20 00000004 B serialConfig_baud
001d0c24 00000001 B m_return_onerror
001d0c28 00000020 B m_return_reason
001d0c48 00000004 B lanConfig_port
001d0c4c 00000006 B lanConfig_portname
001d0c54 00000010 B serialConfig_phone
001d0c64 00000020 B modemConfig_init
001d0c84 00000010 B modemConfig_clear
001d0c94 00000001 B modemConfig_dialing
001d0c98 00000010 B modemConfig_hangup
001d0ca8 00000004 B maxplayers
001d0cac 00000004 B m_return_state
001d0cb0 00000004 B modemConfig_cursor
001d0cb4 00000016 B lanConfig_joinname
001d0cca 00000001 B searchComplete
001d0ccc 00000004 B startepisode
001d0cd0 00000004 B startlevel
001d0cd4 00000004 B gameoptions_cursor
001d0cd8 00000001 B m_serverInfoMessage
001d0ce0 00000008 B m_serverInfoMessageTime
001d0ce8 00000008 B searchCompleteTime
001d0cf0 00000004 B slist_cursor
001d0cf4 00000001 B slist_sorted
001d0cf5 00000001 B m_recursiveDraw
001d0cf8 00000004 B m_net_saveHeight
001d0cfc 00000004 B banAddr
001d0d00 00000004 b testDriver
001d0d04 00000004 b net_landriverlevel
001d0d08 00000004 b testSocket
001d0d0c 00000004 b testPollCount
001d0d10 00000001 b testInProgress
001d0d14 00000004 b myDriverLevel
001d0d18 00000004 b test2Driver
001d0d1c 00000004 b test2Socket
001d0d20 00000001 b test2InProgress
001d0d24 00000004 B packetsSent
001d0d28 00000004 B packetsReSent
001d0d2c 00000004 B packetsReceived
001d0d30 00000004 B receivedDuplicateCount
001d0d34 00000004 B shortPacketCount
001d0d38 00000004 B droppedDatagrams
001d0d3c 00000022 b buf.0
001d0d60 00000408 B packetBuffer
001d1168 00000001 B localconnectpending
001d116c 00000004 B loop_client
001d1170 00000004 B loop_server
001d1178 00000001 b listening
001d117c 00000004 B net_driverlevel
001d1180 00000004 B net_hostport
001d1184 00000001 B slistInProgress
001d1185 00000001 B slistSilent
001d1188 00000004 b slistLastShown
001d1190 00000008 b slistStartTime
001d1198 00000004 b pollProcedureList
001d119c 00000004 B hostCacheCount
001d11a0 00000300 B hostcache
001d14a0 00000008 B net_time
001d14a8 00000004 B net_freeSockets
001d14ac 00000004 B net_activeconnections
001d14b0 00000004 B net_activeSockets
001d14b4 00000001 B recording
001d14b8 00000010 B vcrConnect
001d14c8 00000004 B messagesReceived
001d14cc 00000004 B unreliableMessagesReceived
001d14d0 00000018 B vcrGetMessage
001d14e8 00000010 B net_message
001d14f8 00000004 B messagesSent
001d1500 00000018 B vcrSendMessage
001d1518 00000004 B unreliableMessagesSent
001d151c 00000004 B net_numsockets
001d1520 00000040 B my_ipx_address
001d1560 00000040 B my_tcpip_address
001d15a0 00000001 B configRestored
001d15a1 00000001 B serialAvailable
001d15a4 00000004 B SetComPortConfig
001d15a8 00000004 B SetModemConfig
001d15ac 00000004 B GetModemConfig
001d15b0 00000004 B GetComPortConfig
001d15b4 00000001 B tcpipAvailable
001d15b5 00000001 B ipxAvailable
001d15b8 00000010 b next
001d15c8 00000080 B pr_string_temp
001d1648 00000100 b out.0
001d1748 00000400 B checkpvs
001d1b48 00000004 B c_notvis
001d1b4c 00000004 B c_invis
001d1b50 00000004 B pr_edict_size
001d1b54 00000004 B progs
001d1b58 00000004 B pr_globaldefs
001d1b5c 00000004 B pr_fielddefs
001d1b60 00000004 B pr_strings
001d1b64 00000004 B pr_functions
001d1b68 00000088 b gefvCache
001d1bf0 00000004 b rep.4
001d1bf4 00000100 b line.3
001d1cf4 00000100 b line.2
001d1df4 00000004 B pr_globals
001d1df8 00000080 b line.1
001d1e78 00000080 b line.0
001d1ef8 00000004 B pr_global_struct
001d1efc 00000002 B pr_crc
001d1f00 00000004 B pr_statements
001d1f04 00000004 B pr_xstatement
001d1f08 00000004 B pr_depth
001d1f0c 00000100 B pr_stack
001d200c 00000004 B pr_xfunction
001d2010 00000004 B localstack_used
001d2014 00000001 B pr_trace
001d2018 00000004 B pr_argc
001d201c 00002000 B localstack
001d401c 00000004 B r_numparticles
001d4020 00000004 B particles
001d4024 00000798 B avelocities
001d47bc 00000004 B free_particles
001d47c0 00000004 B active_particles
001d47c4 00000004 b tracercount.0
001d47c8 0000000c B r_pright
001d47d4 0000000c B r_pup
001d47e0 0000000c B r_ppn
001d47ec 00000001 B sb_showscores
001d47f0 00000004 B sb_updates
001d47f4 00000058 B sb_nums
001d484c 00000004 B sb_colon
001d4850 00000004 B sb_slash
001d4854 000000e0 B sb_weapons
001d4934 00000010 B sb_ammo
001d4944 0000000c B sb_armor
001d4950 00000080 B sb_items
001d49d0 00000010 B sb_sigil
001d49e0 00000038 B sb_faces
001d4a18 00000004 B sb_face_invis
001d4a1c 00000004 B sb_face_invuln
001d4a20 00000004 B sb_face_invis_invuln
001d4a24 00000004 B sb_face_quad
001d4a28 00000004 B sb_sbar
001d4a2c 00000004 B sb_ibar
001d4a30 00000004 B sb_scorebar
001d4a34 0000008c B hsb_weapons
001d4ac0 00000008 B hsb_items
001d4ac8 00000008 B rsb_invbar
001d4ad0 00000014 B rsb_weapons
001d4ae4 00000008 B rsb_items
001d4aec 00000004 B rsb_teambord
001d4af0 0000000c B rsb_ammo
001d4afc 00000004 B scoreboardlines
001d4b00 00000040 B fragsort
001d4b40 00000140 B scoreboardtext
001d4c80 00000040 B scoreboardtop
001d4cc0 00000040 B scoreboardbottom
001d4d00 00000004 B sb_lines
001d4d04 00000040 B scoreboardcount
001d4d48 00000500 B localmodels
001d5248 00000014 B svs
001d525c 00000400 B fatpvs
001d565c 00000004 B fatbytes
001d5660 000035e8 B sv
001d8c48 00000004 B c_yes
001d8c4c 00000004 B c_no
001d8c50 00000004 B sv_player
001d8c54 00000004 B velocity
001d8c58 00000004 B origin
001d8c5c 0000000c B wishdir
001d8c68 00000004 B wishspeed
001d8c6c 0000000c b up
001d8c78 0000000c b right
001d8c84 0000000c b forward
001d8c90 00000018 B cmd
001d8ca8 00000001 B onground
001d8cac 00000004 B angles
001d8cb0 0000000c B up
001d8cbc 0000000c B right
001d8cc8 0000000c B forward
001d8cd4 00000100 B gammatable
001d8dd4 00000004 b oldgammavalue.3
001d8dd8 00000004 B v_dmg_roll
001d8ddc 00000004 B v_dmg_pitch
001d8de0 00000004 B v_dmg_time
001d8de4 00000004 b oldyaw.2
001d8de8 00000004 b oldpitch.1
001d8dec 00000004 b oldz.0
001d8df0 00000004 B wad_base
001d8df4 00000004 B wad_numlumps
001d8df8 00000004 B wad_lumps
001d8e00 00000028 b box_hull
001d8e28 00000030 b box_clipnodes
001d8e58 00000078 b box_planes
001d8ed0 00000004 b sv_numareanodes
001d8ed8 00000400 b sv_areanodes
001d92d8 00000028 B cache_head
001d9300 00000004 B mainzone
001d9304 00000004 B hunk_base
001d9308 00000004 B hunk_low_used
001d930c 00000004 B hunk_size
001d9310 00000004 B hunk_high_used
001d9314 00000001 B hunk_tempactive
001d9318 00000004 B hunk_tempmark
001d9320 00000028 B sys_handles
001d9348 00000004 B hostInitialized
001d934c 0000000c b sysAptCookie
001d9358 00000008 B initialTime
001d9360 00000001 B isN3DS
001d9364 00000018 b parms.0
001d937c 00000064 B gameFolder
001d93e0 00000001 B isDedicated
001d93e4 00000004 b miplevel
001d93e8 0000000c B transformed_modelorg
001d93f4 00000004 B scale_for_mip
001d93f8 00000004 B pcurrentcache
001d93fc 00000004 B vstartscan
001d9400 00000004 B erroradjustdown
001d9404 00000004 B erroradjustup
001d9408 00000004 B errorterm
001d940c 00000004 B ubasestep
001d9410 00000001 B d_roverwrapped
001d9414 00000004 B d_initial_rover
001d9418 00000004 B d_minmip
001d941c 0000000c B d_scalemip
001d9428 00000004 B d_drawspans
001d942c 00000004 B d_pix_min
001d9430 00000004 B d_pix_max
001d9434 00000004 B d_pix_shift
001d9438 00000004 B d_y_aspect_shift
001d943c 00000004 B d_vrectx
001d9440 00000004 B d_vrecty
001d9444 00000004 B d_vrectright_particle
001d9448 00000004 B d_vrectbottom_particle
001d944c 00001000 B zspantable
001da44c 00001000 B d_scantable
001db44c 00000780 B skintable
001dbbcc 00000004 B d_pcolormap
001dbbd0 00000004 B skinwidth
001dbbd4 00000004 B skinstart
001dbbd8 00000004 B d_pdestbasestep
001dbbdc 00000004 B d_pzbasestep
001dbbe0 00000004 B d_ptexbasestep
001dbbe4 00000004 B d_sfracbasestep
001dbbe8 00000004 B d_tfracbasestep
001dbbec 00000004 B d_lightbasestep
001dbbf0 00000004 B d_zibasestep
001dbbf4 00000004 B d_pdestextrastep
001dbbf8 00000004 B d_pzextrastep
001dbbfc 00000004 B d_countextrastep
001dbc00 00000004 B d_ptexextrastep
001dbc04 00000004 B d_sfracextrastep
001dbc08 00000004 B d_tfracextrastep
001dbc0c 00000004 B d_lightextrastep
001dbc10 00000004 B d_ziextrastep
001dbc14 00000004 B d_pdest
001dbc18 00000004 B d_pz
001dbc1c 00000004 B d_aspancount
001dbc20 00000004 B d_sfrac
001dbc24 00000004 B d_light
001dbc28 00000004 B d_zi
001dbc2c 00000004 B d_pedgespanpackage
001dbc30 00000004 B d_ptex
001dbc34 00000004 B d_tfrac
001dbc38 00000018 B r_p2
001dbc50 00000018 B r_p0
001dbc68 00000018 B r_p1
001dbc80 00000004 B d_xdenom
001dbc84 00000004 B r_lstepx
001dbc88 00000004 B r_lstepy
001dbc8c 00000004 B r_sstepx
001dbc90 00000004 B r_sstepy
001dbc94 00000004 B r_tstepx
001dbc98 00000004 B r_tstepy
001dbc9c 00000004 B r_zistepx
001dbca0 00000004 B r_zistepy
001dbca4 00000004 B a_sstepxfrac
001dbca8 00000004 B a_tstepxfrac
001dbcac 00000004 B a_ststepxwhole
001dbcb0 00000004 B d_aflatcolor
001dbcb4 00000004 B pedgetable
001dbcb8 00000004 B a_spans
001dbcbc 00000004 B r_turb_t
001dbcc0 00000004 B r_turb_s
001dbcc4 00000004 B r_turb_turb
001dbcc8 00000004 B r_turb_pbase
001dbccc 00000004 B r_turb_pdest
001dbcd0 00000004 B r_turb_sstep
001dbcd4 00000004 B r_turb_tstep
001dbcd8 00000004 B r_turb_spancount
001dbcdc 00000004 b sstep
001dbce0 00000004 b tstep
001dbce4 00000004 b snext
001dbce8 00000004 b tnext
001dbcec 00000004 b count
001dbcf0 00000004 b pdest
001dbcf4 00000004 b t
001dbcf8 00000004 b s
001dbcfc 00000004 b zi
001dbd00 00000004 b tdivz
001dbd04 00000004 b sdivz
001dbd08 00000004 b sprite_spans
001dbd0c 00000004 b minindex
001dbd10 00000004 b maxindex
001dbd14 00000004 b sprite_height
001dbd18 00000004 B sc_base
001dbd1c 00000004 B sc_size
001dbd20 00000004 B sc_rover
001dbd24 00000001 B r_cache_thrash
001dbd28 00000004 B surfscale
001dbd2c 00000004 B d_zwidth
001dbd30 00000004 B d_zrowbytes
001dbd34 00000004 B d_pzbuffer
001dbd38 00000004 B d_viewbuffer
001dbd3c 00000004 B cachewidth
001dbd40 00000004 B cacheblock
001dbd44 00000004 B bbextentt
001dbd48 00000004 B bbextents
001dbd4c 00000004 B tadjust
001dbd50 00000004 B sadjust
001dbd54 00000004 B d_ziorigin
001dbd58 00000004 B d_tdivzorigin
001dbd5c 00000004 B d_sdivzorigin
001dbd60 00000004 B d_zistepv
001dbd64 00000004 B d_tdivzstepv
001dbd68 00000004 B d_sdivzstepv
001dbd6c 00000004 B d_zistepu
001dbd70 00000004 B d_tdivzstepu
001dbd74 00000004 B d_sdivzstepu
001dbd78 00000004 B menu_numcachepics
001dbd7c 00000004 B draw_chars
001dbd80 00000004 B draw_disc
001dbd84 00000004 B draw_backtile
001dbd88 00000024 b r_rectdesc
001dbdac 00002200 B menu_cachepics
001ddfac 00000004 B mod_base
001ddfb0 00000004 B loadmodel
001ddfb4 00000020 B loadname
001ddfd4 00000400 B mod_novis
001de3d4 00000400 b decompressed.0
001de7d4 00000004 B mod_numknown
001de7d8 00018400 B mod_known
001f6bd8 00000200 b fv
001f6dd8 00000060 b av
001f6e38 00000030 B aliastransform
001f6e68 00000004 B paliashdr
001f6e6c 00000004 B pmdl
001f6e70 00000004 B r_anumverts
001f6e74 00000004 B pfinalverts
001f6e78 00000004 B pauxverts
001f6e7c 00000004 B r_apverts
001f6e80 00000004 B r_ambientlight
001f6e84 00000004 B r_shadelight
001f6e88 00000004 b ziscale
001f6e8c 0000000c B r_plightvec
001f6e98 00000024 B r_affinetridesc
001f6ebc 0000000c b alias_up
001f6ec8 0000000c b alias_right
001f6ed4 0000000c b alias_forward
001f6ee0 00000030 b tmatrix.1
001f6f10 00000030 b viewmatrix.0
001f6f40 00000004 b pmodel
001f6f44 00000004 b pskindesc
001f6f48 00000004 B a_skinwidth
001f6f4c 00000004 B r_amodels_drawn
001f6f50 00000004 B acolormap
001f6f54 00000004 B ptriangles
001f6f58 00000024 B entity_rotation
001f6f7c 00000004 B currententity
001f6f80 0000000c B modelorg
001f6f8c 00000001 b makeclippededge
001f6f90 0000000c B r_entorigin
001f6f9c 00000004 b numbverts
001f6fa0 00000004 b pbverts
001f6fa4 00000004 b numbedges
001f6fa8 00000004 b pbedges
001f6fac 00000004 b pfrontexit
001f6fb0 00000004 b pfrontenter
001f6fb4 00000004 B r_currentbkey
001f6fb8 0000000c B r_worldmodelorg
001f6fc4 0000000c B base_modelorg
001f6fd0 00000001 B insubmodel
001f6fd4 00000001 B r_lastvertvalid
001f6fd8 00000004 B r_u1
001f6fdc 00000004 B r_v1
001f6fe0 00000004 B r_lzi1
001f6fe4 00000004 B r_ceilv1
001f6fe8 00000004 B r_nearzi
001f6fec 00000001 B r_nearzionly
001f6ff0 00000004 B r_emitted
001f6ff4 00000004 B cacheoffset
001f6ff8 00000004 B r_pedge
001f6ffc 00000001 B r_leftclipped
001f7000 0000000c B r_leftexit
001f700c 00000001 B r_rightclipped
001f7010 0000000c B r_rightexit
001f701c 0000000c B r_leftenter
001f7028 0000000c B r_rightenter
001f7034 00000060 B view_clipplanes
001f7094 00000004 B c_faceclip
001f7098 00000001 b makerightedge
001f7099 00000001 b makeleftedge
001f709c 00000010 B r_polydesc
001f70ac 00001600 B intsintable
001f86ac 00001600 B sintable
001f9cac 00000180 B world_clipplanes
001f9e2c 00000004 B entity_clipplanes
001f9e30 00000010 B r_zpointdesc
001f9e40 00000004 B surfaces
001f9e44 00000004 B surface_p
001f9e48 00000004 B r_edges
001f9e4c 00000004 B edge_p
001f9e50 00000004 B edge_max
001f9e54 00000004 b pdrawfunc
001f9e58 00000004 B r_currentkey
001f9e5c 00000020 B edge_aftertail
001f9e7c 00000020 B edge_tail
001f9e9c 00000004 B edge_tail_u_shift20
001f9ea0 00000004 B span_p
001f9ea4 00000004 B current_iv
001f9ea8 00000004 B edge_head_u_shift20
001f9eac 00000020 B edge_head
001f9ecc 00000004 B fv
001f9ed0 00000004 B max_span_p
001f9ed4 00000020 B edge_sentinel
001f9ef4 00001000 B removeedges
001faef4 00001000 B newedges
001fbef4 00000004 B surf_max
001fbef8 00000004 B auxedges
001fbefc 00000004 B r_pefragtopnode
001fbf00 00000004 B r_addent
001fbf04 00000004 B lastlink
001fbf08 0000000c B r_emins
001fbf14 0000000c B r_emaxs
001fbf20 00000004 B r_dlightframecount
001fbf24 00000004 B r_notexture_mip
001fbf28 00000004 B r_stack_start
001fbf2c 00000094 B r_refdef
001fbfc0 00000004 B r_viewleaf
001fbfc4 00000004 B r_cnumsurfs
001fbfc8 00000001 B r_surfsonstack
001fbfcc 00000004 B r_maxedgesseen
001fbfd0 00000004 B r_maxsurfsseen
001fbfd4 00000004 B r_numallocatededges
001fbfd8 00000001 B r_dowarpold
001fbfd9 00000001 B r_viewchanged
001fbfdc 00000004 B pixelAspect
001fbfe0 00000004 B xOrigin
001fbfe4 00000004 B yOrigin
001fbfe8 00000004 B screenAspect
001fbfec 00000004 B verticalFieldOfView
001fbff0 00000004 B xcenter
001fbff4 00000004 B aliasxcenter
001fbff8 00000004 B ycenter
001fbffc 00000004 B aliasycenter
001fc000 00000004 B xscale
001fc004 00000004 B aliasxscale
001fc008 00000004 B xscaleinv
001fc00c 00000004 B yscale
001fc010 00000004 B aliasyscale
001fc014 00000004 B yscaleinv
001fc018 00000004 B xscaleshrink
001fc01c 00000004 B yscaleshrink
001fc020 00000050 B screenedge
001fc070 00000004 B r_aliastransition
001fc074 00000004 B r_resfudge
001fc078 00000001 B r_fov_greater_than_90
001fc07c 00000004 B r_oldviewleaf
001fc080 00000004 B r_visframecount
001fc084 0000000c B r_origin
001fc090 0000000c B viewlightvec
001fc09c 0000000c B vup
001fc0a8 00000010 B pfrustum_indexes
001fc0b8 00000004 B r_pcurrentvertbase
001fc0bc 00000001 B r_drawpolys
001fc0bd 00000001 B r_drawculledpolys
001fc0c0 00000004 B r_clipflags
001fc0c4 0000000c B vpn
001fc0d0 0000000c B base_vpn
001fc0dc 0000000c B base_vup
001fc0e8 0000000c B vright
001fc0f4 0000000c B base_vright
001fc100 00000004 B rw_time1
001fc104 00000004 B rw_time2
001fc108 00000004 B db_time1
001fc10c 00000004 B db_time2
001fc110 00000004 B se_time1
001fc114 00000004 B r_warpbuffer
001fc118 00000004 B r_time1
001fc11c 00000004 B se_time2
001fc120 00000004 B de_time1
001fc124 00000004 B de_time2
001fc128 00000004 B dv_time1
001fc12c 00000004 B dv_time2
001fc130 00000004 B dp_time1
001fc134 00000004 B dp_time2
001fc138 00000001 B r_dowarp
001fc13c 00000004 B r_outofsurfaces
001fc140 00000004 B r_outofedges
001fc144 00000400 B d_lightstylevalue
001fc544 00000060 B r_frustum_indexes
001fc5a4 00000004 B modcount
001fc5a8 00000101 B viewmodname
001fc6ac 00000004 B r_wholepolycount
001fc6b0 00000004 B r_drawnpolycount
001fc6b4 00000004 B r_polycount
001fc6b8 00000004 B d_spanpixcount
001fc6bc 00000004 B screenwidth
001fc6c0 00000004 B c_surf
001fc6c4 00000004 B pbtofpolys
001fc6c8 00000004 B numbtofpolys
001fc6cc 00000001 B r_worldpolysbacktofront
001fc6d0 00000004 B colormap
001fc6d4 00000004 b oldbright.2
001fc6d8 00000004 b timex.1
001fc6dc 00000064 b r_timings.0
001fc740 00000004 B r_skysource
001fc744 00000004 B skytime
001fc748 00000004 B skyspeed
001fc74c 00000004 B r_skymade
001fc750 00000004 B skyspeed2
001fc754 00008000 B newsky
00204754 00004180 B bottommask
002088d4 00004180 B bottomsky
0020ca54 00000004 B r_skydirect
0020ca58 00000034 B r_spritedesc
0020ca8c 00000320 b clip_verts
0020cdac 00000004 b clip_current
0020cdb0 00000004 b sprite_width
0020cdb4 00000004 b sprite_height
0020cdb8 00000004 B pbasesource
0020cdbc 00000004 B prowdestbase
0020cdc0 00000004 B r_numvblocks
0020cdc4 00000004 B r_lightptr
0020cdc8 00000004 B lightleft
0020cdcc 00000004 B lightright
0020cdd0 00000004 B r_lightwidth
0020cdd4 00000004 B lightleftstep
0020cdd8 00000004 B lightrightstep
0020cddc 00000004 B sourcetstep
0020cde0 00000004 B surfrowbytes
0020cde4 00000004 B r_sourcemax
0020cde8 00000004 B r_stepback
0020cdec 00000004 B blocksize
0020cdf0 00000004 B blockdivshift
0020cdf4 00000004 B sourcesstep
0020cdf8 0000002c B r_drawsurf
0020ce24 00000510 B blocklights
0020d334 00000004 B r_source
0020d338 00000004 B blockdivmask
0020d33c 00000004 B r_numhblocks
0020d340 00000004 B lightdeltastep
0020d344 00000004 B lightdelta
0020d348 00000004 B r_bmodelactive
0020d34c 00000004 B scr_conlines
0020d350 00000004 B scr_con_current
0020d354 00000004 B clearconsole
0020d358 00000004 B scr_copytop
0020d35c 00000004 B clearnotify
0020d360 00000400 B scr_centerstring
0020d760 00000004 B scr_centertime_off
0020d764 00000004 B scr_centertime_start
0020d768 00000004 B scr_center_lines
0020d76c 00000004 B scr_erase_center
0020d770 00000004 B scr_erase_lines
0020d774 00000004 B scr_ram
0020d778 00000004 B scr_net
0020d77c 00000004 B scr_turtle
0020d780 00000001 B scr_initialized
0020d784 00000014 B scr_vrect
0020d798 00000004 b count.2
0020d79c 00000001 B scr_drawloading
0020d7a0 00000004 B scr_copyeverything
0020d7a4 00000001 B scr_disabled_for_loading
0020d7a8 00000004 B scr_fullupdate
0020d7ac 00000004 B scr_notifystring
0020d7b0 00000001 B scr_drawdialog
0020d7b1 00000001 B scr_skipupdate
0020d7b2 00000001 B block_drawing
0020d7b4 00000004 B scr_disabled_time
0020d7b8 00000004 b oldscr_viewsize.1
0020d7bc 00000004 B oldfov
0020d7c0 00000004 B oldscreensize
0020d7c4 00000004 b oldlcd_x.0
0020d7c8 00000004 B pconupdate
0020d7d0 00000004 B sound_started
0020d7d4 00000004 B shm
0020d7d8 00000004 B total_channels
0020d7dc 00000004 B known_sfx
0020d7e0 00000004 B num_sfx
0020d7e4 0000000c B listener_origin
0020d7f0 0000000c B listener_right
0020d7fc 00000010 B ambient_sfx
0020d80c 00000004 b oldsamplepos.3
0020d810 00000004 B paintedtime
0020d814 00000004 b buffers.2
0020d818 00000004 B soundtime
0020d81c 00000001 B snd_initialized
0020d81d 00000001 B fakedma
0020d820 00000004 B snd_blocked
0020d824 0000000c B listener_forward
0020d830 0000000c B listener_up
0020d83c 00000020 B sn
0020d860 00001a00 B channels
0020f260 00000004 B snd_linear_count
0020f264 00000004 B snd_p
0020f268 00000004 B snd_vol
0020f26c 00000004 B snd_out
0020f270 00008000 B snd_scaletable
00217270 00001000 B paintbuffer
00218270 00000004 B data_p
00218274 00000004 B iff_end
00218278 00000004 B last_chunk
0021827c 00000004 B iff_chunk_len
00218280 00000004 B iff_data
00218284 00000004 B cache_full_cycle
00218288 00000008 B initial_tick
00218290 00000008 B csnd_pause_tick
00218298 00000004 B audiobuffer
0021829c 00000004 B waveBuf
002182a0 0000000c b csndAptCookie
002182ac 00000004 B snd_inited
002182b0 00000200 B d_8to16table
002184b0 00000004 B baseheight
002184b4 00000004 B basewidth
002184b8 00000008 B vid_buffer
002184c0 00000004 B zbuffer
002184c8 00000044 B vid
0021850c 00000004 B left_fb
00218510 00000004 B right_fb
00218514 00000004 B separation_distance
00218518 00080000 B surfcache
00298518 00000004 b net_broadcastsocket
0029851c 00000004 b net_controlsocket
00298520 00000004 b SOC_buffer
00298524 00000004 b myAddr
00298528 00000010 b broadcastaddr
00298538 00000016 b buffer.0
00298550 00000004 b touch
00298554 00000004 b oldtouch
00298558 00000004 B circlepad
0029855c 00000004 B cstick
00298560 00000004 B tmode
00298564 00000004 B tfb
00298568 00000004 B touchOverlay
0029856c 00000004 B keyboardOverlay
00298570 00000004 B shiftToggle
00298574 00000001 B keyboardToggled
00298578 00000004 b touch
0029857c 00000001 B lastKey
00298580 00000008 B tick
00298588 00000008 B lastTap
00298590 b completed.1
00298594 b object.0
002985ac 00000008 b sLinearPool
002985b4 0000000c b sAddrMap
002985c0 00000001 V __ctru_speedup
002985c4 0000004c B currentCopy
00298610 00000004 b gfxBottomFramebufferMaxSize
00298614 00000008 b gfxBottomFramebuffers
0029861c 00000002 b gfxCurBuf
00298620 00000002 b gfxFramebufferFormats
00298624 00000002 b gfxIsDoubleBuf
00298626 00000001 b gfxIsVram
00298628 00000004 b gfxTopFramebufferMaxSize
0029862c 00000008 b gfxTopFramebuffers
00298634 00000001 b gfxTopMode
00298638 00000004 b screenAlloc
0029863c 00000004 b screenFree
00298640 00000001 b bCancelReceived
00298641 00000001 b bDspReady
00298642 00000001 b bEnteringSleep
00298643 00000001 b bSleeping
00298644 00000004 b componentBin
00298648 00000002 b componentDataMask
0029864a 00000001 b componentFree
0029864c 00000002 b componentProgMask
00298650 00000004 b componentSize
00298654 00000004 b droppedFrames
00298658 00000004 b dspSem
0029865c 00001080 b dspVar5Backup
002996dc 00000004 b frameCount
002996e0 00000004 b irqEvent
002996e4 00000002 B ndspBufferCurId
002996e6 00000002 B ndspBufferId
002996e8 00000002 B ndspFrameId
002996ec 00000008 b ndspHookCookie
002996f4 00000048 b ndspMaster
0029973c 00000004 b ndspMutex
00299740 00000004 b ndspRefCount
00299744 00000004 b ndspThread
00299748 00000001 b ndspThreadRun
0029974c 00000080 B ndspVars
002997cc 00000008 b sleepEvent
002997d4 00000c60 b ndspChn
0029a434 00000004 b csPos
0029a438 00000004 B irrstEvent
0029a43c 00000004 B irrstHandle
0029a440 00000004 B irrstMemHandle
0029a444 00000004 b irrstRefCount
0029a448 00000004 B irrstSharedMem
0029a44c 00000004 b kHeld
0029a450 00000004 b cfguHandle
0029a454 00000004 b cfguRefCount
0029a458 00000001 b dspComponentLoaded
0029a45c 00000008 b dspFirstHook
0029a464 00000004 b dspHandle
0029a468 00000004 b dspRefCount
0029a46c 00000004 b dspSavedCompBin
0029a470 00000002 b dspSavedCompDataMask
0029a472 00000002 b dspSavedCompProgMask
0029a474 00000004 b dspSavedCompSize
0029a478 00000001 b dspSleeping
0029a47c 00000004 b gspEvent
0029a480 0000001c b gspEventCb
0029a49c 0000001c b gspEventCbData
0029a4b8 00000007 b gspEventCbOneShot
0029a4c0 00000004 b gspEventThread
0029a4c4 00000038 b gspEvents
0029a4fc 00000004 b gspGpuHandle
0029a500 00000001 b gspGpuRight
0029a504 00000004 b gspLastEvent
0029a508 00000004 b gspRefCount
0029a50c 00000001 b gspRunEvents
0029a510 00000004 b gspSharedMem
0029a514 00000004 b gspSharedMemHandle
0029a518 00000001 b gspThreadId
0029a51c 00000004 B csndChannels
0029a520 00000004 b csndCmdCurOff
0029a524 00000004 b csndCmdStartOff
0029a528 00000004 b csndHandle
0029a52c 00000004 b csndMutex
0029a530 00000010 B csndOffsets
0029a540 00000004 b csndRefCount
0029a544 00000004 B csndSharedMem
0029a548 00000004 b csndSharedMemBlock
0029a54c 00000004 B csndSharedMemSize
0029a550 00000001 b aptChainloadFlags
0029a551 00000001 b aptChainloadMediatype
0029a558 00000008 b aptChainloadTid
0029a560 00000004 b aptEventHandlerThread
0029a564 00000001 b aptEventHandlerThreadQuit
0029a568 00000008 b aptEvents
0029a570 0000000c b aptFirstHook
0029a57c 00000004 b aptFlags
0029a580 00000001 b aptHomeButtonState
0029a584 00000004 b aptLockHandle
0029a588 00000004 b aptMessageFunc
0029a58c 00000004 b aptMessageFuncData
0029a590 00001000 b aptParameters
0029b590 00000008 b aptReceiveEvent
0029b598 00000004 b aptRefCount
0029b59c 00000008 b aptSleepEvent
0029b5a4 00000001 b flagInit.1
0029b5a5 00000001 b flagValue.0
0029b5a8 00000004 b serviceName.6
0029b5ac 00000006 b aVec
0029b5b4 00000004 b cPos
0029b5b8 00000006 b gRate
0029b5c0 00000014 B hidEvents
0029b5d4 00000004 B hidHandle
0029b5d8 00000004 B hidMemHandle
0029b5dc 00000004 b hidRefCount
0029b5e0 00000004 B hidSharedMem
0029b5e4 00000004 b kDown
0029b5e8 00000004 b kHeld
0029b5ec 00000004 b kOld
0029b5f0 00000004 b kRepeat
0029b5f4 00000004 b kUp
0029b5f8 00000004 b tPos
0029b5fc 00000001 b usingIrrst
0029b600 00000004 b ptmSysmHandle
0029b604 00000004 b ptmSysmRefCount
0029b608 00000080 b fsExemptArchives
0029b688 00000004 b fsuHandle
0029b68c 00000004 b fsuRefCount
0029b690 00000018 b SOC_hostent
0029b6a8 00000004 b SOC_hostent_alias
0029b6ac 00000044 b SOC_hostent_results
0029b6f0 00001a88 b outbuf.0
0029d178 00000018 b SOC_hostent
0029d190 00000004 b SOC_hostent_alias
0029d194 00000044 b SOC_hostent_results
0029d1d8 00001a88 b outbuf.0
0029ec60 00000004 B SOCU_handle
0029ec64 00000004 B h_errno
0029ec68 00000004 B socMemhandle
0029ec6c 00000010 b buffer
0029ec7c 00000004 B __ctru_heap
0029ec80 00000004 V __ctru_heap_size
0029ec84 00000004 B __ctru_linear_heap
0029ec88 00000004 V __ctru_linear_heap_size
0029ec8c 00000004 B __system_retAddr
0029ec90 00000004 B __system_argc
0029ec94 00000004 B __system_argv
0029ec98 b saved_stack
0029eca0 0000000c b sAddrMap
0029ecac 00000008 b sVramPool
0029ecb4 00000004 b arbiter
0029ecb8 00000004 b srvHandle
0029ecbc 00000004 b srvRefCount
0029ecc0 00000004 b currentAddr
0029ecc4 00000004 b maxAddr
0029ecc8 00000004 b minAddr
0029eccc 00000004 b srvPmHandle
0029ecd0 00000004 b archive_device_cwd
0029ecd8 00000540 b archive_devices
0029f218 00000001 b archive_initialized
0029f21c 00000028 B __malloc_current_mallinfo
0029f244 00000004 B __malloc_max_sbrked_mem
0029f248 00000004 B __malloc_max_total_mem
0029f24c 00000004 B __malloc_top_pad
0029f250 00000004 b heap_start.0
0029f254 00000004 B fake_heap_end
0029f258 00000004 B fake_heap_start
0029f25c 00000400 b temp_cwd
0029f65c 00000048 B __syscalls
0029f6a4 B __tls_start
002a02ac B __bss_end__
002a02ac A __end__
002a02ac B __tls_end
